#
# There is insufficient memory for the Java Runtime Environment to continue.
# Native memory allocation (malloc) failed to allocate 32744 bytes for ChunkPool::allocate
# Possible reasons:
#   The system is out of physical RAM or swap space
#   The process is running with CompressedOops enabled, and the Java Heap may be blocking the growth of the native heap
# Possible solutions:
#   Reduce memory load on the system
#   Increase physical memory or swap space
#   Check if swap backing store is full
#   Decrease Java heap size (-Xmx/-Xms)
#   Decrease number of Java threads
#   Decrease Java thread stack sizes (-Xss)
#   Set larger code cache with -XX:ReservedCodeCacheSize=
#   JVM is running with Unscaled Compressed Oops mode in which the Java heap is
#     placed in the first 4GB address space. The Java Heap base address is the
#     maximum limit for the native heap growth. Please use -XX:HeapBaseMinAddress
#     to set the Java Heap base and to place the Java Heap above 4GB virtual address.
# This output file may be truncated or incomplete.
#
#  Out of Memory Error (./open/src/hotspot/share/memory/arena.cpp:81), pid=11652, tid=19932
#
# JRE version: Java(TM) SE Runtime Environment 18.9 (11.0.15.1+2) (build 11.0.15.1+2-LTS-10)
# Java VM: Java HotSpot(TM) 64-Bit Server VM 18.9 (11.0.15.1+2-LTS-10, mixed mode, tiered, compressed oops, g1 gc, windows-amd64)
# No core dump will be written. Minidumps are not enabled by default on client versions of Windows
#

---------------  S U M M A R Y ------------

Command Line: -agentlib:jdwp=transport=dt_socket,address=127.0.0.1:55324,suspend=y,server=n -javaagent:C:\Users\lenovo\AppData\Local\JetBrains\IdeaIC2022.2\captureAgent\debugger-agent.jar=file:/C:/Users/lenovo/AppData/Local/Temp/capture.props -Dfile.encoding=UTF-8 com.TP3.gatewayservice.GatewayserviceApplication

Host: Intel(R) Core(TM) i5-7300U CPU @ 2.60GHz, 4 cores, 7G,  Windows 10 , 64 bit Build 19041 (10.0.19041.2251)
Time: Sat Dec 24 12:17:53 2022 Paris, Madrid elapsed time: 31.166512 seconds (0d 0h 0m 31s)

---------------  T H R E A D  ---------------

Current thread (0x0000021156ce9000):  JavaThread "C2 CompilerThread0" daemon [_thread_in_native, id=19932, stack(0x000000ad27300000,0x000000ad27400000)]


Current CompileTask:
C2:  31166 5506   !   4       java.lang.reflect.Field::declaredAnnotations (82 bytes)

Stack: [0x000000ad27300000,0x000000ad27400000]
Native frames: (J=compiled Java code, j=interpreted, Vv=VM code, C=native code)
V  [jvm.dll+0x629d8a]
V  [jvm.dll+0x7638ff]
V  [jvm.dll+0x764fa9]
V  [jvm.dll+0x765633]
V  [jvm.dll+0x23d9c8]
V  [jvm.dll+0xb2c7b]
V  [jvm.dll+0xb2fdc]
V  [jvm.dll+0xb2b2b]
V  [jvm.dll+0x60a0af]
V  [jvm.dll+0x659564]
V  [jvm.dll+0x18cddd]
V  [jvm.dll+0x1f8672]
V  [jvm.dll+0x1f774d]
V  [jvm.dll+0x177c51]
V  [jvm.dll+0x207026]
V  [jvm.dll+0x2051bb]
V  [jvm.dll+0x729820]
V  [jvm.dll+0x7223f4]
V  [jvm.dll+0x628c26]
C  [ucrtbase.dll+0x21bb2]
C  [KERNEL32.DLL+0x174b4]
C  [ntdll.dll+0x526a1]


---------------  P R O C E S S  ---------------

Threads class SMR info:
_java_thread_list=0x000002115d6064e0, length=14, elements={
0x000002113984a000, 0x0000021156cc5000, 0x0000021156cc8000, 0x0000021157672800,
0x0000021156cdb000, 0x0000021156cdc000, 0x0000021156ce9000, 0x0000021156cee800,
0x0000021156cf2000, 0x0000021156c5c000, 0x00000211578cf800, 0x00000211579cd800,
0x0000021157a40800, 0x000002115d9da800
}

Java Threads: ( => current thread )
  0x000002113984a000 JavaThread "main" [_thread_in_Java, id=7328, stack(0x000000ad26600000,0x000000ad26700000)]
  0x0000021156cc5000 JavaThread "Reference Handler" daemon [_thread_blocked, id=8016, stack(0x000000ad26e00000,0x000000ad26f00000)]
  0x0000021156cc8000 JavaThread "Finalizer" daemon [_thread_blocked, id=2372, stack(0x000000ad26f00000,0x000000ad27000000)]
  0x0000021157672800 JavaThread "Signal Dispatcher" daemon [_thread_blocked, id=2192, stack(0x000000ad27000000,0x000000ad27100000)]
  0x0000021156cdb000 JavaThread "Attach Listener" daemon [_thread_blocked, id=9772, stack(0x000000ad27100000,0x000000ad27200000)]
  0x0000021156cdc000 JavaThread "Service Thread" daemon [_thread_blocked, id=4072, stack(0x000000ad27200000,0x000000ad27300000)]
=>0x0000021156ce9000 JavaThread "C2 CompilerThread0" daemon [_thread_in_native, id=19932, stack(0x000000ad27300000,0x000000ad27400000)]
  0x0000021156cee800 JavaThread "C1 CompilerThread0" daemon [_thread_blocked, id=20240, stack(0x000000ad27400000,0x000000ad27500000)]
  0x0000021156cf2000 JavaThread "Sweeper thread" daemon [_thread_blocked, id=7988, stack(0x000000ad27500000,0x000000ad27600000)]
  0x0000021156c5c000 JavaThread "Common-Cleaner" daemon [_thread_blocked, id=13448, stack(0x000000ad27600000,0x000000ad27700000)]
  0x00000211578cf800 JavaThread "JDWP Transport Listener: dt_socket" daemon [_thread_blocked, id=18716, stack(0x000000ad27700000,0x000000ad27800000)]
  0x00000211579cd800 JavaThread "JDWP Event Helper Thread" daemon [_thread_blocked, id=18832, stack(0x000000ad27800000,0x000000ad27900000)]
  0x0000021157a40800 JavaThread "JDWP Command Reader" daemon [_thread_in_native, id=9612, stack(0x000000ad27900000,0x000000ad27a00000)]
  0x000002115d9da800 JavaThread "boundedElastic-evictor-1" daemon [_thread_blocked, id=12452, stack(0x000000ad27d00000,0x000000ad27e00000)]

Other Threads:
  0x0000021156ca2800 VMThread "VM Thread" [stack: 0x000000ad26d00000,0x000000ad26e00000] [id=19496]
  0x00000211578bd000 WatcherThread [stack: 0x000000ad27a00000,0x000000ad27b00000] [id=19224]
  0x0000021139861000 GCTaskThread "GC Thread#0" [stack: 0x000000ad26800000,0x000000ad26900000] [id=2788]
  0x0000021157e62800 GCTaskThread "GC Thread#1" [stack: 0x000000ad27b00000,0x000000ad27c00000] [id=6192]
  0x0000021159061800 GCTaskThread "GC Thread#2" [stack: 0x000000ad27e00000,0x000000ad27f00000] [id=20052]
  0x0000021159062000 GCTaskThread "GC Thread#3" [stack: 0x000000ad27f00000,0x000000ad28000000] [id=18264]
  0x0000021139890000 ConcurrentGCThread "G1 Main Marker" [stack: 0x000000ad26900000,0x000000ad26a00000] [id=8480]
  0x0000021139891800 ConcurrentGCThread "G1 Conc#0" [stack: 0x000000ad26a00000,0x000000ad26b00000] [id=20288]
  0x0000021139916000 ConcurrentGCThread "G1 Refine#0" [stack: 0x000000ad26b00000,0x000000ad26c00000] [id=15556]
  0x0000021139917000 ConcurrentGCThread "G1 Young RemSet Sampling" [stack: 0x000000ad26c00000,0x000000ad26d00000] [id=13892]

Threads with active compile tasks:
C2 CompilerThread0  31215 5506   !   4       java.lang.reflect.Field::declaredAnnotations (82 bytes)

VM state:not at safepoint (normal execution)

VM Mutex/Monitor currently owned by a thread: None

Heap address: 0x0000000085800000, size: 1960 MB, Compressed Oops mode: 32-bit
Narrow klass base: 0x0000000000000000, Narrow klass shift: 3
Compressed class space size: 1073741824 Address: 0x0000000100000000

Heap:
 garbage-first heap   total 152576K, used 25170K [0x0000000085800000, 0x0000000100000000)
  region size 1024K, 8 young (8192K), 6 survivors (6144K)
 Metaspace       used 57953K, capacity 59625K, committed 59952K, reserved 1101824K
  class space    used 7281K, capacity 7945K, committed 8064K, reserved 1048576K
Heap Regions: E=young(eden), S=young(survivor), O=old, HS=humongous(starts), HC=humongous(continues), CS=collection set, F=free, A=archive, TAMS=top-at-mark-start (previous, next)
|   0|0x0000000085800000, 0x0000000085900000, 0x0000000085900000|100%| O|  |TAMS 0x0000000085900000, 0x0000000085800000| Untracked 
|   1|0x0000000085900000, 0x0000000085a00000, 0x0000000085a00000|100%| O|  |TAMS 0x0000000085a00000, 0x0000000085900000| Untracked 
|   2|0x0000000085a00000, 0x0000000085b00000, 0x0000000085b00000|100%| O|  |TAMS 0x0000000085b00000, 0x0000000085a00000| Untracked 
|   3|0x0000000085b00000, 0x0000000085c00000, 0x0000000085c00000|100%| O|  |TAMS 0x0000000085c00000, 0x0000000085b00000| Untracked 
|   4|0x0000000085c00000, 0x0000000085d00000, 0x0000000085d00000|100%| O|  |TAMS 0x0000000085d00000, 0x0000000085c00000| Untracked 
|   5|0x0000000085d00000, 0x0000000085e00000, 0x0000000085e00000|100%| O|  |TAMS 0x0000000085e00000, 0x0000000085d00000| Untracked 
|   6|0x0000000085e00000, 0x0000000085f00000, 0x0000000085f00000|100%| O|  |TAMS 0x0000000085f00000, 0x0000000085e00000| Untracked 
|   7|0x0000000085f00000, 0x0000000086000000, 0x0000000086000000|100%| O|  |TAMS 0x0000000086000000, 0x0000000085f00000| Untracked 
|   8|0x0000000086000000, 0x0000000086100000, 0x0000000086100000|100%| O|  |TAMS 0x0000000086100000, 0x0000000086000000| Untracked 
|   9|0x0000000086100000, 0x0000000086200000, 0x0000000086200000|100%| O|  |TAMS 0x0000000086200000, 0x0000000086100000| Untracked 
|  10|0x0000000086200000, 0x0000000086300000, 0x0000000086300000|100%| O|  |TAMS 0x0000000086300000, 0x0000000086200000| Untracked 
|  11|0x0000000086300000, 0x0000000086400000, 0x0000000086400000|100%| O|  |TAMS 0x0000000086400000, 0x0000000086300000| Untracked 
|  12|0x0000000086400000, 0x0000000086500000, 0x0000000086500000|100%| O|  |TAMS 0x0000000086500000, 0x0000000086400000| Untracked 
|  13|0x0000000086500000, 0x0000000086600000, 0x0000000086600000|100%| O|  |TAMS 0x0000000086600000, 0x0000000086500000| Untracked 
|  14|0x0000000086600000, 0x0000000086700000, 0x0000000086700000|100%| O|  |TAMS 0x0000000086700000, 0x0000000086600000| Untracked 
|  15|0x0000000086700000, 0x0000000086800000, 0x0000000086800000|100%| O|  |TAMS 0x0000000086800000, 0x0000000086700000| Untracked 
|  16|0x0000000086800000, 0x0000000086900000, 0x0000000086900000|100%| O|  |TAMS 0x0000000086900000, 0x0000000086800000| Untracked 
|  17|0x0000000086900000, 0x0000000086994a00, 0x0000000086a00000| 58%| O|  |TAMS 0x0000000086994a00, 0x0000000086900000| Untracked 
|  18|0x0000000086a00000, 0x0000000086a00000, 0x0000000086b00000|  0%| F|  |TAMS 0x0000000086a00000, 0x0000000086a00000| Untracked 
|  19|0x0000000086b00000, 0x0000000086b00000, 0x0000000086c00000|  0%| F|  |TAMS 0x0000000086b00000, 0x0000000086b00000| Untracked 
|  20|0x0000000086c00000, 0x0000000086c00000, 0x0000000086d00000|  0%| F|  |TAMS 0x0000000086c00000, 0x0000000086c00000| Untracked 
|  21|0x0000000086d00000, 0x0000000086d00000, 0x0000000086e00000|  0%| F|  |TAMS 0x0000000086d00000, 0x0000000086d00000| Untracked 
|  22|0x0000000086e00000, 0x0000000086e00000, 0x0000000086f00000|  0%| F|  |TAMS 0x0000000086e00000, 0x0000000086e00000| Untracked 
|  23|0x0000000086f00000, 0x0000000086f00000, 0x0000000087000000|  0%| F|  |TAMS 0x0000000086f00000, 0x0000000086f00000| Untracked 
|  24|0x0000000087000000, 0x0000000087000000, 0x0000000087100000|  0%| F|  |TAMS 0x0000000087000000, 0x0000000087000000| Untracked 
|  25|0x0000000087100000, 0x0000000087100000, 0x0000000087200000|  0%| F|  |TAMS 0x0000000087100000, 0x0000000087100000| Untracked 
|  26|0x0000000087200000, 0x0000000087200000, 0x0000000087300000|  0%| F|  |TAMS 0x0000000087200000, 0x0000000087200000| Untracked 
|  27|0x0000000087300000, 0x0000000087300000, 0x0000000087400000|  0%| F|  |TAMS 0x0000000087300000, 0x0000000087300000| Untracked 
|  28|0x0000000087400000, 0x0000000087400000, 0x0000000087500000|  0%| F|  |TAMS 0x0000000087400000, 0x0000000087400000| Untracked 
|  29|0x0000000087500000, 0x0000000087500000, 0x0000000087600000|  0%| F|  |TAMS 0x0000000087500000, 0x0000000087500000| Untracked 
|  30|0x0000000087600000, 0x0000000087600000, 0x0000000087700000|  0%| F|  |TAMS 0x0000000087600000, 0x0000000087600000| Untracked 
|  31|0x0000000087700000, 0x0000000087700000, 0x0000000087800000|  0%| F|  |TAMS 0x0000000087700000, 0x0000000087700000| Untracked 
|  32|0x0000000087800000, 0x0000000087800000, 0x0000000087900000|  0%| F|  |TAMS 0x0000000087800000, 0x0000000087800000| Untracked 
|  33|0x0000000087900000, 0x0000000087900000, 0x0000000087a00000|  0%| F|  |TAMS 0x0000000087900000, 0x0000000087900000| Untracked 
|  34|0x0000000087a00000, 0x0000000087a00000, 0x0000000087b00000|  0%| F|  |TAMS 0x0000000087a00000, 0x0000000087a00000| Untracked 
|  35|0x0000000087b00000, 0x0000000087b00000, 0x0000000087c00000|  0%| F|  |TAMS 0x0000000087b00000, 0x0000000087b00000| Untracked 
|  36|0x0000000087c00000, 0x0000000087c00000, 0x0000000087d00000|  0%| F|  |TAMS 0x0000000087c00000, 0x0000000087c00000| Untracked 
|  37|0x0000000087d00000, 0x0000000087d00000, 0x0000000087e00000|  0%| F|  |TAMS 0x0000000087d00000, 0x0000000087d00000| Untracked 
|  38|0x0000000087e00000, 0x0000000087e00000, 0x0000000087f00000|  0%| F|  |TAMS 0x0000000087e00000, 0x0000000087e00000| Untracked 
|  39|0x0000000087f00000, 0x0000000087f00000, 0x0000000088000000|  0%| F|  |TAMS 0x0000000087f00000, 0x0000000087f00000| Untracked 
|  40|0x0000000088000000, 0x0000000088000000, 0x0000000088100000|  0%| F|  |TAMS 0x0000000088000000, 0x0000000088000000| Untracked 
|  41|0x0000000088100000, 0x0000000088100000, 0x0000000088200000|  0%| F|  |TAMS 0x0000000088100000, 0x0000000088100000| Untracked 
|  42|0x0000000088200000, 0x0000000088200000, 0x0000000088300000|  0%| F|  |TAMS 0x0000000088200000, 0x0000000088200000| Untracked 
|  43|0x0000000088300000, 0x0000000088300000, 0x0000000088400000|  0%| F|  |TAMS 0x0000000088300000, 0x0000000088300000| Untracked 
|  44|0x0000000088400000, 0x0000000088400000, 0x0000000088500000|  0%| F|  |TAMS 0x0000000088400000, 0x0000000088400000| Untracked 
|  45|0x0000000088500000, 0x0000000088500000, 0x0000000088600000|  0%| F|  |TAMS 0x0000000088500000, 0x0000000088500000| Untracked 
|  46|0x0000000088600000, 0x0000000088600000, 0x0000000088700000|  0%| F|  |TAMS 0x0000000088600000, 0x0000000088600000| Untracked 
|  47|0x0000000088700000, 0x0000000088700000, 0x0000000088800000|  0%| F|  |TAMS 0x0000000088700000, 0x0000000088700000| Untracked 
|  48|0x0000000088800000, 0x0000000088800000, 0x0000000088900000|  0%| F|  |TAMS 0x0000000088800000, 0x0000000088800000| Untracked 
|  49|0x0000000088900000, 0x0000000088900000, 0x0000000088a00000|  0%| F|  |TAMS 0x0000000088900000, 0x0000000088900000| Untracked 
|  50|0x0000000088a00000, 0x0000000088a00000, 0x0000000088b00000|  0%| F|  |TAMS 0x0000000088a00000, 0x0000000088a00000| Untracked 
|  51|0x0000000088b00000, 0x0000000088b00000, 0x0000000088c00000|  0%| F|  |TAMS 0x0000000088b00000, 0x0000000088b00000| Untracked 
|  52|0x0000000088c00000, 0x0000000088c00000, 0x0000000088d00000|  0%| F|  |TAMS 0x0000000088c00000, 0x0000000088c00000| Untracked 
|  53|0x0000000088d00000, 0x0000000088d00000, 0x0000000088e00000|  0%| F|  |TAMS 0x0000000088d00000, 0x0000000088d00000| Untracked 
|  54|0x0000000088e00000, 0x0000000088e00000, 0x0000000088f00000|  0%| F|  |TAMS 0x0000000088e00000, 0x0000000088e00000| Untracked 
|  55|0x0000000088f00000, 0x0000000088f00000, 0x0000000089000000|  0%| F|  |TAMS 0x0000000088f00000, 0x0000000088f00000| Untracked 
|  56|0x0000000089000000, 0x0000000089000000, 0x0000000089100000|  0%| F|  |TAMS 0x0000000089000000, 0x0000000089000000| Untracked 
|  57|0x0000000089100000, 0x0000000089100000, 0x0000000089200000|  0%| F|  |TAMS 0x0000000089100000, 0x0000000089100000| Untracked 
|  58|0x0000000089200000, 0x0000000089200000, 0x0000000089300000|  0%| F|  |TAMS 0x0000000089200000, 0x0000000089200000| Untracked 
|  59|0x0000000089300000, 0x0000000089300000, 0x0000000089400000|  0%| F|  |TAMS 0x0000000089300000, 0x0000000089300000| Untracked 
|  60|0x0000000089400000, 0x0000000089400000, 0x0000000089500000|  0%| F|  |TAMS 0x0000000089400000, 0x0000000089400000| Untracked 
|  61|0x0000000089500000, 0x0000000089500000, 0x0000000089600000|  0%| F|  |TAMS 0x0000000089500000, 0x0000000089500000| Untracked 
|  62|0x0000000089600000, 0x0000000089600000, 0x0000000089700000|  0%| F|  |TAMS 0x0000000089600000, 0x0000000089600000| Untracked 
|  63|0x0000000089700000, 0x0000000089700000, 0x0000000089800000|  0%| F|  |TAMS 0x0000000089700000, 0x0000000089700000| Untracked 
|  64|0x0000000089800000, 0x0000000089800000, 0x0000000089900000|  0%| F|  |TAMS 0x0000000089800000, 0x0000000089800000| Untracked 
|  65|0x0000000089900000, 0x0000000089900000, 0x0000000089a00000|  0%| F|  |TAMS 0x0000000089900000, 0x0000000089900000| Untracked 
|  66|0x0000000089a00000, 0x0000000089a00000, 0x0000000089b00000|  0%| F|  |TAMS 0x0000000089a00000, 0x0000000089a00000| Untracked 
|  67|0x0000000089b00000, 0x0000000089b00000, 0x0000000089c00000|  0%| F|  |TAMS 0x0000000089b00000, 0x0000000089b00000| Untracked 
|  68|0x0000000089c00000, 0x0000000089c00000, 0x0000000089d00000|  0%| F|  |TAMS 0x0000000089c00000, 0x0000000089c00000| Untracked 
|  69|0x0000000089d00000, 0x0000000089d00000, 0x0000000089e00000|  0%| F|  |TAMS 0x0000000089d00000, 0x0000000089d00000| Untracked 
|  70|0x0000000089e00000, 0x0000000089e00000, 0x0000000089f00000|  0%| F|  |TAMS 0x0000000089e00000, 0x0000000089e00000| Untracked 
|  71|0x0000000089f00000, 0x0000000089f00000, 0x000000008a000000|  0%| F|  |TAMS 0x0000000089f00000, 0x0000000089f00000| Untracked 
|  72|0x000000008a000000, 0x000000008a000000, 0x000000008a100000|  0%| F|  |TAMS 0x000000008a000000, 0x000000008a000000| Untracked 
|  73|0x000000008a100000, 0x000000008a100000, 0x000000008a200000|  0%| F|  |TAMS 0x000000008a100000, 0x000000008a100000| Untracked 
|  74|0x000000008a200000, 0x000000008a200000, 0x000000008a300000|  0%| F|  |TAMS 0x000000008a200000, 0x000000008a200000| Untracked 
|  75|0x000000008a300000, 0x000000008a300000, 0x000000008a400000|  0%| F|  |TAMS 0x000000008a300000, 0x000000008a300000| Untracked 
|  76|0x000000008a400000, 0x000000008a400000, 0x000000008a500000|  0%| F|  |TAMS 0x000000008a400000, 0x000000008a400000| Untracked 
|  77|0x000000008a500000, 0x000000008a500000, 0x000000008a600000|  0%| F|  |TAMS 0x000000008a500000, 0x000000008a500000| Untracked 
|  78|0x000000008a600000, 0x000000008a600000, 0x000000008a700000|  0%| F|  |TAMS 0x000000008a600000, 0x000000008a600000| Untracked 
|  79|0x000000008a700000, 0x000000008a700000, 0x000000008a800000|  0%| F|  |TAMS 0x000000008a700000, 0x000000008a700000| Untracked 
|  80|0x000000008a800000, 0x000000008a800000, 0x000000008a900000|  0%| F|  |TAMS 0x000000008a800000, 0x000000008a800000| Untracked 
|  81|0x000000008a900000, 0x000000008a900000, 0x000000008aa00000|  0%| F|  |TAMS 0x000000008a900000, 0x000000008a900000| Untracked 
|  82|0x000000008aa00000, 0x000000008aa00000, 0x000000008ab00000|  0%| F|  |TAMS 0x000000008aa00000, 0x000000008aa00000| Untracked 
|  83|0x000000008ab00000, 0x000000008ab00000, 0x000000008ac00000|  0%| F|  |TAMS 0x000000008ab00000, 0x000000008ab00000| Untracked 
|  84|0x000000008ac00000, 0x000000008ac00000, 0x000000008ad00000|  0%| F|  |TAMS 0x000000008ac00000, 0x000000008ac00000| Untracked 
|  85|0x000000008ad00000, 0x000000008ad00000, 0x000000008ae00000|  0%| F|  |TAMS 0x000000008ad00000, 0x000000008ad00000| Untracked 
|  86|0x000000008ae00000, 0x000000008ae00000, 0x000000008af00000|  0%| F|  |TAMS 0x000000008ae00000, 0x000000008ae00000| Untracked 
|  87|0x000000008af00000, 0x000000008af00000, 0x000000008b000000|  0%| F|  |TAMS 0x000000008af00000, 0x000000008af00000| Untracked 
|  88|0x000000008b000000, 0x000000008b000000, 0x000000008b100000|  0%| F|  |TAMS 0x000000008b000000, 0x000000008b000000| Untracked 
|  89|0x000000008b100000, 0x000000008b100000, 0x000000008b200000|  0%| F|  |TAMS 0x000000008b100000, 0x000000008b100000| Untracked 
|  90|0x000000008b200000, 0x000000008b200000, 0x000000008b300000|  0%| F|  |TAMS 0x000000008b200000, 0x000000008b200000| Untracked 
|  91|0x000000008b300000, 0x000000008b300000, 0x000000008b400000|  0%| F|  |TAMS 0x000000008b300000, 0x000000008b300000| Untracked 
|  92|0x000000008b400000, 0x000000008b400000, 0x000000008b500000|  0%| F|  |TAMS 0x000000008b400000, 0x000000008b400000| Untracked 
|  93|0x000000008b500000, 0x000000008b500000, 0x000000008b600000|  0%| F|  |TAMS 0x000000008b500000, 0x000000008b500000| Untracked 
|  94|0x000000008b600000, 0x000000008b600000, 0x000000008b700000|  0%| F|  |TAMS 0x000000008b600000, 0x000000008b600000| Untracked 
|  95|0x000000008b700000, 0x000000008b700000, 0x000000008b800000|  0%| F|  |TAMS 0x000000008b700000, 0x000000008b700000| Untracked 
|  96|0x000000008b800000, 0x000000008b800000, 0x000000008b900000|  0%| F|  |TAMS 0x000000008b800000, 0x000000008b800000| Untracked 
|  97|0x000000008b900000, 0x000000008b900000, 0x000000008ba00000|  0%| F|  |TAMS 0x000000008b900000, 0x000000008b900000| Untracked 
|  98|0x000000008ba00000, 0x000000008ba00000, 0x000000008bb00000|  0%| F|  |TAMS 0x000000008ba00000, 0x000000008ba00000| Untracked 
|  99|0x000000008bb00000, 0x000000008bb00000, 0x000000008bc00000|  0%| F|  |TAMS 0x000000008bb00000, 0x000000008bb00000| Untracked 
| 100|0x000000008bc00000, 0x000000008bc00000, 0x000000008bd00000|  0%| F|  |TAMS 0x000000008bc00000, 0x000000008bc00000| Untracked 
| 101|0x000000008bd00000, 0x000000008bd00000, 0x000000008be00000|  0%| F|  |TAMS 0x000000008bd00000, 0x000000008bd00000| Untracked 
| 102|0x000000008be00000, 0x000000008be00000, 0x000000008bf00000|  0%| F|  |TAMS 0x000000008be00000, 0x000000008be00000| Untracked 
| 103|0x000000008bf00000, 0x000000008bf00000, 0x000000008c000000|  0%| F|  |TAMS 0x000000008bf00000, 0x000000008bf00000| Untracked 
| 104|0x000000008c000000, 0x000000008c000000, 0x000000008c100000|  0%| F|  |TAMS 0x000000008c000000, 0x000000008c000000| Untracked 
| 105|0x000000008c100000, 0x000000008c100000, 0x000000008c200000|  0%| F|  |TAMS 0x000000008c100000, 0x000000008c100000| Untracked 
| 106|0x000000008c200000, 0x000000008c200000, 0x000000008c300000|  0%| F|  |TAMS 0x000000008c200000, 0x000000008c200000| Untracked 
| 107|0x000000008c300000, 0x000000008c300000, 0x000000008c400000|  0%| F|  |TAMS 0x000000008c300000, 0x000000008c300000| Untracked 
| 108|0x000000008c400000, 0x000000008c400000, 0x000000008c500000|  0%| F|  |TAMS 0x000000008c400000, 0x000000008c400000| Untracked 
| 109|0x000000008c500000, 0x000000008c500000, 0x000000008c600000|  0%| F|  |TAMS 0x000000008c500000, 0x000000008c500000| Untracked 
| 110|0x000000008c600000, 0x000000008c600000, 0x000000008c700000|  0%| F|  |TAMS 0x000000008c600000, 0x000000008c600000| Untracked 
| 111|0x000000008c700000, 0x000000008c700000, 0x000000008c800000|  0%| F|  |TAMS 0x000000008c700000, 0x000000008c700000| Untracked 
| 112|0x000000008c800000, 0x000000008c800000, 0x000000008c900000|  0%| F|  |TAMS 0x000000008c800000, 0x000000008c800000| Untracked 
| 113|0x000000008c900000, 0x000000008c900000, 0x000000008ca00000|  0%| F|  |TAMS 0x000000008c900000, 0x000000008c900000| Untracked 
| 114|0x000000008ca00000, 0x000000008ca00000, 0x000000008cb00000|  0%| F|  |TAMS 0x000000008ca00000, 0x000000008ca00000| Untracked 
| 115|0x000000008cb00000, 0x000000008cb00000, 0x000000008cc00000|  0%| F|  |TAMS 0x000000008cb00000, 0x000000008cb00000| Untracked 
| 116|0x000000008cc00000, 0x000000008cc00000, 0x000000008cd00000|  0%| F|  |TAMS 0x000000008cc00000, 0x000000008cc00000| Untracked 
| 117|0x000000008cd00000, 0x000000008cd00000, 0x000000008ce00000|  0%| F|  |TAMS 0x000000008cd00000, 0x000000008cd00000| Untracked 
| 118|0x000000008ce00000, 0x000000008ce00000, 0x000000008cf00000|  0%| F|  |TAMS 0x000000008ce00000, 0x000000008ce00000| Untracked 
| 119|0x000000008cf00000, 0x000000008cf00000, 0x000000008d000000|  0%| F|  |TAMS 0x000000008cf00000, 0x000000008cf00000| Untracked 
| 120|0x000000008d000000, 0x000000008d000000, 0x000000008d100000|  0%| F|  |TAMS 0x000000008d000000, 0x000000008d000000| Untracked 
| 121|0x000000008d100000, 0x000000008d100000, 0x000000008d200000|  0%| F|  |TAMS 0x000000008d100000, 0x000000008d100000| Untracked 
| 122|0x000000008d200000, 0x000000008d200000, 0x000000008d300000|  0%| F|  |TAMS 0x000000008d200000, 0x000000008d200000| Untracked 
| 123|0x000000008d300000, 0x000000008d300000, 0x000000008d400000|  0%| F|  |TAMS 0x000000008d300000, 0x000000008d300000| Untracked 
| 124|0x000000008d400000, 0x000000008d500000, 0x000000008d500000|100%| S|CS|TAMS 0x000000008d400000, 0x000000008d400000| Complete 
| 125|0x000000008d500000, 0x000000008d600000, 0x000000008d600000|100%| S|CS|TAMS 0x000000008d500000, 0x000000008d500000| Complete 
| 126|0x000000008d600000, 0x000000008d700000, 0x000000008d700000|100%| S|CS|TAMS 0x000000008d600000, 0x000000008d600000| Complete 
| 127|0x000000008d700000, 0x000000008d800000, 0x000000008d800000|100%| S|CS|TAMS 0x000000008d700000, 0x000000008d700000| Complete 
| 128|0x000000008d800000, 0x000000008d900000, 0x000000008d900000|100%| S|CS|TAMS 0x000000008d800000, 0x000000008d800000| Complete 
| 129|0x000000008d900000, 0x000000008da00000, 0x000000008da00000|100%| S|CS|TAMS 0x000000008d900000, 0x000000008d900000| Complete 
| 130|0x000000008da00000, 0x000000008da00000, 0x000000008db00000|  0%| F|  |TAMS 0x000000008da00000, 0x000000008da00000| Untracked 
| 131|0x000000008db00000, 0x000000008db00000, 0x000000008dc00000|  0%| F|  |TAMS 0x000000008db00000, 0x000000008db00000| Untracked 
| 132|0x000000008dc00000, 0x000000008dc00000, 0x000000008dd00000|  0%| F|  |TAMS 0x000000008dc00000, 0x000000008dc00000| Untracked 
| 133|0x000000008dd00000, 0x000000008dd00000, 0x000000008de00000|  0%| F|  |TAMS 0x000000008dd00000, 0x000000008dd00000| Untracked 
| 134|0x000000008de00000, 0x000000008de00000, 0x000000008df00000|  0%| F|  |TAMS 0x000000008de00000, 0x000000008de00000| Untracked 
| 135|0x000000008df00000, 0x000000008df00000, 0x000000008e000000|  0%| F|  |TAMS 0x000000008df00000, 0x000000008df00000| Untracked 
| 136|0x000000008e000000, 0x000000008e000000, 0x000000008e100000|  0%| F|  |TAMS 0x000000008e000000, 0x000000008e000000| Untracked 
| 137|0x000000008e100000, 0x000000008e100000, 0x000000008e200000|  0%| F|  |TAMS 0x000000008e100000, 0x000000008e100000| Untracked 
| 138|0x000000008e200000, 0x000000008e200000, 0x000000008e300000|  0%| F|  |TAMS 0x000000008e200000, 0x000000008e200000| Untracked 
| 139|0x000000008e300000, 0x000000008e300000, 0x000000008e400000|  0%| F|  |TAMS 0x000000008e300000, 0x000000008e300000| Untracked 
| 140|0x000000008e400000, 0x000000008e400000, 0x000000008e500000|  0%| F|  |TAMS 0x000000008e400000, 0x000000008e400000| Untracked 
| 141|0x000000008e500000, 0x000000008e500000, 0x000000008e600000|  0%| F|  |TAMS 0x000000008e500000, 0x000000008e500000| Untracked 
| 142|0x000000008e600000, 0x000000008e600000, 0x000000008e700000|  0%| F|  |TAMS 0x000000008e600000, 0x000000008e600000| Untracked 
| 143|0x000000008e700000, 0x000000008e700000, 0x000000008e800000|  0%| F|  |TAMS 0x000000008e700000, 0x000000008e700000| Untracked 
| 144|0x000000008e800000, 0x000000008e800000, 0x000000008e900000|  0%| F|  |TAMS 0x000000008e800000, 0x000000008e800000| Untracked 
| 145|0x000000008e900000, 0x000000008e900000, 0x000000008ea00000|  0%| F|  |TAMS 0x000000008e900000, 0x000000008e900000| Untracked 
| 146|0x000000008ea00000, 0x000000008ea00000, 0x000000008eb00000|  0%| F|  |TAMS 0x000000008ea00000, 0x000000008ea00000| Untracked 
| 147|0x000000008eb00000, 0x000000008eb0a508, 0x000000008ec00000|  4%| E|  |TAMS 0x000000008eb00000, 0x000000008eb00000| Complete 
| 148|0x000000008ec00000, 0x000000008ed00000, 0x000000008ed00000|100%| E|CS|TAMS 0x000000008ec00000, 0x000000008ec00000| Complete 

Card table byte_map: [0x00000211502d0000,0x00000211506b0000] _byte_map_base: 0x000002114fea4000

Marking Bits (Prev, Next): (CMBitMap*) 0x0000021139887810, (CMBitMap*) 0x00000211398877d8
 Prev Bits: [0x0000021152930000, 0x00000211547d0000)
 Next Bits: [0x0000021150a90000, 0x0000021152930000)

Polling page: 0x00000211377e0000

Metaspace:

Usage:
  Non-class:     50.47 MB capacity,    49.48 MB ( 98%) used,   805.11 KB (  2%) free+waste,   202.81 KB ( <1%) overhead. 
      Class:      7.76 MB capacity,     7.11 MB ( 92%) used,   565.88 KB (  7%) free+waste,    97.94 KB (  1%) overhead. 
       Both:     58.23 MB capacity,    56.59 MB ( 97%) used,     1.34 MB (  2%) free+waste,   300.75 KB ( <1%) overhead. 

Virtual space:
  Non-class space:       52.00 MB reserved,      50.67 MB ( 97%) committed 
      Class space:        1.00 GB reserved,       7.88 MB ( <1%) committed 
             Both:        1.05 GB reserved,      58.55 MB (  5%) committed 

Chunk freelists:
   Non-Class:  2.00 KB
       Class:  0 bytes
        Both:  2.00 KB

CodeHeap 'non-profiled nmethods': size=120064Kb used=4195Kb max_used=4195Kb free=115869Kb
 bounds [0x00000211489b0000, 0x0000021148dd0000, 0x000002114fef0000]
CodeHeap 'profiled nmethods': size=120000Kb used=13537Kb max_used=13537Kb free=106463Kb
 bounds [0x0000021141480000, 0x00000211421c0000, 0x00000211489b0000]
CodeHeap 'non-nmethods': size=5696Kb used=1296Kb max_used=1362Kb free=4399Kb
 bounds [0x0000021140ef0000, 0x0000021141160000, 0x0000021141480000]
 total_blobs=6086 nmethods=5508 adapters=497
 compilation: enabled
              stopped_count=0, restarted_count=0
 full_count=0

Compilation events (10 events):
Event: 31.101 Thread 0x0000021156cee800 5522       3       org.springframework.boot.autoconfigure.condition.ConditionEvaluationReport::lambda$addNoMatchOutcomeToAncestors$1 (54 bytes)
Event: 31.103 Thread 0x0000021156cee800 nmethod 5522 0x00000211421b2b10 code [0x00000211421b2e20, 0x00000211421b3fb8]
Event: 31.116 Thread 0x0000021156cee800 5526       1       org.springframework.boot.autoconfigure.condition.ConditionEvaluationReport$ConditionAndOutcome::getOutcome (5 bytes)
Event: 31.117 Thread 0x0000021156cee800 nmethod 5526 0x0000021148dc8910 code [0x0000021148dc8aa0, 0x0000021148dc8b58]
Event: 31.145 Thread 0x0000021156cee800 5527       3       java.util.TreeMap::forEach (58 bytes)
Event: 31.146 Thread 0x0000021156cee800 nmethod 5527 0x00000211421b4710 code [0x00000211421b4940, 0x00000211421b4fd8]
Event: 31.156 Thread 0x0000021156cee800 5528       3       org.springframework.boot.autoconfigure.condition.ConditionEvaluationReport$$Lambda$1016/0x00000001007c1c40::accept (16 bytes)
Event: 31.156 Thread 0x0000021156cee800 nmethod 5528 0x00000211421b5290 code [0x00000211421b5460, 0x00000211421b5878]
Event: 31.156 Thread 0x0000021156cee800 5529       3       org.springframework.boot.autoconfigure.condition.ConditionEvaluationReport$ConditionAndOutcomes::iterator (13 bytes)
Event: 31.157 Thread 0x0000021156cee800 nmethod 5529 0x00000211421b5a10 code [0x00000211421b5c20, 0x00000211421b63d8]

GC Heap History (10 events):
Event: 10.706 GC heap before
{Heap before GC invocations=6 (full 0):
 garbage-first heap   total 126976K, used 81229K [0x0000000085800000, 0x0000000100000000)
  region size 1024K, 74 young (75776K), 6 survivors (6144K)
 Metaspace       used 33871K, capacity 34619K, committed 34736K, reserved 1079296K
  class space    used 3969K, capacity 4253K, committed 4352K, reserved 1048576K
}
Event: 10.725 GC heap after
{Heap after GC invocations=7 (full 0):
 garbage-first heap   total 126976K, used 14202K [0x0000000085800000, 0x0000000100000000)
  region size 1024K, 7 young (7168K), 7 survivors (7168K)
 Metaspace       used 33871K, capacity 34619K, committed 34736K, reserved 1079296K
  class space    used 3969K, capacity 4253K, committed 4352K, reserved 1048576K
}
Event: 11.426 GC heap before
{Heap before GC invocations=7 (full 0):
 garbage-first heap   total 126976K, used 22394K [0x0000000085800000, 0x0000000100000000)
  region size 1024K, 16 young (16384K), 7 survivors (7168K)
 Metaspace       used 34741K, capacity 35536K, committed 35632K, reserved 1081344K
  class space    used 4094K, capacity 4408K, committed 4480K, reserved 1048576K
}
Event: 11.449 GC heap after
{Heap after GC invocations=8 (full 0):
 garbage-first heap   total 152576K, used 14603K [0x0000000085800000, 0x0000000100000000)
  region size 1024K, 4 young (4096K), 4 survivors (4096K)
 Metaspace       used 34741K, capacity 35536K, committed 35632K, reserved 1081344K
  class space    used 4094K, capacity 4408K, committed 4480K, reserved 1048576K
}
Event: 19.570 GC heap before
{Heap before GC invocations=9 (full 0):
 garbage-first heap   total 152576K, used 101643K [0x0000000085800000, 0x0000000100000000)
  region size 1024K, 89 young (91136K), 4 survivors (4096K)
 Metaspace       used 44684K, capacity 45971K, committed 46256K, reserved 1089536K
  class space    used 5519K, capacity 6018K, committed 6144K, reserved 1048576K
}
Event: 19.591 GC heap after
{Heap after GC invocations=10 (full 0):
 garbage-first heap   total 152576K, used 18975K [0x0000000085800000, 0x0000000100000000)
  region size 1024K, 9 young (9216K), 9 survivors (9216K)
 Metaspace       used 44684K, capacity 45971K, committed 46256K, reserved 1089536K
  class space    used 5519K, capacity 6018K, committed 6144K, reserved 1048576K
}
Event: 22.801 GC heap before
{Heap before GC invocations=10 (full 0):
 garbage-first heap   total 152576K, used 100895K [0x0000000085800000, 0x0000000100000000)
  region size 1024K, 89 young (91136K), 9 survivors (9216K)
 Metaspace       used 55560K, capacity 57066K, committed 57264K, reserved 1099776K
  class space    used 6948K, capacity 7560K, committed 7680K, reserved 1048576K
}
Event: 22.840 GC heap after
{Heap after GC invocations=11 (full 0):
 garbage-first heap   total 152576K, used 24576K [0x0000000085800000, 0x0000000100000000)
  region size 1024K, 11 young (11264K), 11 survivors (11264K)
 Metaspace       used 55560K, capacity 57066K, committed 57264K, reserved 1099776K
  class space    used 6948K, capacity 7560K, committed 7680K, reserved 1048576K
}
Event: 30.944 GC heap before
{Heap before GC invocations=11 (full 0):
 garbage-first heap   total 152576K, used 43008K [0x0000000085800000, 0x0000000100000000)
  region size 1024K, 30 young (30720K), 11 survivors (11264K)
 Metaspace       used 57943K, capacity 59552K, committed 59696K, reserved 1101824K
  class space    used 7280K, capacity 7943K, committed 8064K, reserved 1048576K
}
Event: 30.969 GC heap after
{Heap after GC invocations=12 (full 0):
 garbage-first heap   total 152576K, used 24146K [0x0000000085800000, 0x0000000100000000)
  region size 1024K, 6 young (6144K), 6 survivors (6144K)
 Metaspace       used 57943K, capacity 59552K, committed 59696K, reserved 1101824K
  class space    used 7280K, capacity 7943K, committed 8064K, reserved 1048576K
}

Deoptimization events (10 events):
Event: 23.120 Thread 0x000002113984a000 Uncommon trap: reason=unstable_if action=reinterpret pc=0x00000211489e2f30 method=java.util.HashMap.resize()[Ljava/util/HashMap$Node; @ 203 c2
Event: 25.588 Thread 0x000002113984a000 Uncommon trap: reason=class_check action=maybe_recompile pc=0x0000021148ce8904 method=java.lang.Class.createAnnotationData(I)Ljava/lang/Class$AnnotationData; @ 152 c2
Event: 25.596 Thread 0x000002113984a000 Uncommon trap: reason=unstable_if action=reinterpret pc=0x0000021148b21ca0 method=jdk.internal.loader.BuiltinClassLoader.loadClassOrNull(Ljava/lang/String;Z)Ljava/lang/Class; @ 93 c2
Event: 25.596 Thread 0x000002113984a000 Uncommon trap: reason=unstable_if action=reinterpret pc=0x0000021148b21ca0 method=jdk.internal.loader.BuiltinClassLoader.loadClassOrNull(Ljava/lang/String;Z)Ljava/lang/Class; @ 93 c2
Event: 25.689 Thread 0x000002115d6a3800 Uncommon trap: reason=class_check action=maybe_recompile pc=0x0000021148dc1cb8 method=java.util.HashMap.removeNode(ILjava/lang/Object;Ljava/lang/Object;ZZ)Ljava/util/HashMap$Node; @ 68 c2
Event: 27.781 Thread 0x000002115edec800 Uncommon trap: reason=bimorphic_or_optimized_type_check action=maybe_recompile pc=0x0000021148aec510 method=java.util.Collections$SetFromMap.remove(Ljava/lang/Object;)Z @ 5 c2
Event: 27.784 Thread 0x000002115edec800 Uncommon trap: reason=bimorphic_or_optimized_type_check action=maybe_recompile pc=0x0000021148aec510 method=java.util.Collections$SetFromMap.remove(Ljava/lang/Object;)Z @ 5 c2
Event: 27.871 Thread 0x0000021160d27800 Uncommon trap: reason=bimorphic_or_optimized_type_check action=maybe_recompile pc=0x0000021148aec510 method=java.util.Collections$SetFromMap.remove(Ljava/lang/Object;)Z @ 5 c2
Event: 27.871 Thread 0x000002115eb9a800 Uncommon trap: reason=bimorphic_or_optimized_type_check action=maybe_recompile pc=0x0000021148aec510 method=java.util.Collections$SetFromMap.remove(Ljava/lang/Object;)Z @ 5 c2
Event: 30.933 Thread 0x000002113984a000 Uncommon trap: reason=unstable_if action=reinterpret pc=0x0000021148a29178 method=org.springframework.util.ConcurrentReferenceHashMap$Segment.clear()V @ 7 c2

Classes redefined (0 events):
No events

Internal exceptions (10 events):
Event: 23.387 Thread 0x000002113984a000 Exception <a 'java/lang/UnsatisfiedLinkError'{0x000000008e54d8a0}: io.netty.channel.epoll.Native.offsetofEpollData()I> (0x000000008e54d8a0) thrown at [./open/src/hotspot/share/prims/nativeLookup.cpp, line 521]
Event: 23.388 Thread 0x000002113984a000 Exception <a 'java/lang/ExceptionInInitializerError'{0x000000008e54edd8}> (0x000000008e54edd8) thrown at [./open/src/hotspot/share/oops/instanceKlass.cpp, line 1029]
Event: 23.666 Thread 0x000002113984a000 Exception <a 'java/lang/NoSuchMethodError'{0x000000008e3e42d0}: java.lang.invoke.DirectMethodHandle$Holder.invokeStatic(Ljava/lang/Object;Ljava/lang/Object;ILjava/lang/Object;)Ljava/lang/Object;> (0x000000008e3e42d0) thrown at [./open/src/hotspot/share/in
Event: 23.670 Thread 0x000002113984a000 Exception <a 'java/lang/NoSuchMethodError'{0x000000008e3e77c8}: java.lang.invoke.Invokers$Holder.linkToTargetMethod(Ljava/lang/Object;ILjava/lang/Object;Ljava/lang/Object;)Ljava/lang/Object;> (0x000000008e3e77c8) thrown at [./open/src/hotspot/share/interp
Event: 23.798 Thread 0x000002113984a000 Exception <a 'java/lang/NoSuchMethodError'{0x000000008e2f9108}: java.lang.invoke.DirectMethodHandle$Holder.invokeStaticInit(Ljava/lang/Object;Ljava/lang/Object;JLjava/lang/Object;)Ljava/lang/Object;> (0x000000008e2f9108) thrown at [./open/src/hotspot/shar
Event: 23.799 Thread 0x000002113984a000 Exception <a 'java/lang/NoSuchMethodError'{0x000000008e2ff1c8}: java.lang.invoke.DirectMethodHandle$Holder.invokeStatic(Ljava/lang/Object;Ljava/lang/Object;J)Ljava/lang/Object;> (0x000000008e2ff1c8) thrown at [./open/src/hotspot/share/interpreter/linkReso
Event: 23.800 Thread 0x000002113984a000 Exception <a 'java/lang/NoSuchMethodError'{0x000000008e106038}: java.lang.invoke.Invokers$Holder.linkToTargetMethod(Ljava/lang/Object;JLjava/lang/Object;)Ljava/lang/Object;> (0x000000008e106038) thrown at [./open/src/hotspot/share/interpreter/linkResolver
Event: 25.612 Thread 0x000002115d6a3800 Exception <a 'java/net/BindException'{0x000000008dd154d0}: Address already in use: bind> (0x000000008dd154d0) thrown at [./open/src/hotspot/share/prims/jni.cpp, line 632]
Event: 25.646 Thread 0x000002113984a000 Exception <a 'java/lang/NoSuchMethodError'{0x000000008dd86130}: java.lang.invoke.DirectMethodHandle$Holder.invokeInterface(Ljava/lang/Object;Ljava/lang/Object;)V> (0x000000008dd86130) thrown at [./open/src/hotspot/share/interpreter/linkResolver.cpp, line 
Event: 30.912 Thread 0x000002113984a000 Exception <a 'java/net/SocketTimeoutException'{0x000000008dc6d3c8}: Read timed out> (0x000000008dc6d3c8) thrown at [./open/src/hotspot/share/prims/jni.cpp, line 632]

Events (10 events):
Event: 30.972 loading class org/springframework/boot/autoconfigure/condition/ConditionEvaluationReport done
Event: 31.040 Executing VM operation: CGC_Operation
Event: 31.063 Executing VM operation: CGC_Operation done
Event: 31.095 Executing VM operation: CGC_Operation
Event: 31.095 Executing VM operation: CGC_Operation done
Event: 31.100 loading class org/springframework/boot/autoconfigure/condition/ConditionEvaluationReport$ConditionAndOutcomes
Event: 31.100 loading class org/springframework/boot/autoconfigure/condition/ConditionEvaluationReport$ConditionAndOutcomes done
Event: 31.140 Executing VM operation: RevokeBias
Event: 31.140 Executing VM operation: RevokeBias done
Event: 31.141 Thread 0x00000211612b6800 Thread exited: 0x00000211612b6800


Dynamic libraries:
0x00007ff6bdff0000 - 0x00007ff6bdfff000 	C:\Program Files\Java\jdk-11.0.15.1\bin\java.exe
0x00007ffb8a950000 - 0x00007ffb8ab48000 	C:\Windows\SYSTEM32\ntdll.dll
0x00007ffb88fd0000 - 0x00007ffb8908f000 	C:\Windows\System32\KERNEL32.DLL
0x00007ffb88190000 - 0x00007ffb88462000 	C:\Windows\System32\KERNELBASE.dll
0x00007ffb88470000 - 0x00007ffb88570000 	C:\Windows\System32\ucrtbase.dll
0x00007ffb4f4f0000 - 0x00007ffb4f508000 	C:\Program Files\Java\jdk-11.0.15.1\bin\jli.dll
0x00007ffb8a7e0000 - 0x00007ffb8a88e000 	C:\Windows\System32\ADVAPI32.dll
0x00007ffb8a2b0000 - 0x00007ffb8a34e000 	C:\Windows\System32\msvcrt.dll
0x00007ffb8a3b0000 - 0x00007ffb8a44c000 	C:\Windows\System32\sechost.dll
0x00007ffb88ea0000 - 0x00007ffb88fc5000 	C:\Windows\System32\RPCRT4.dll
0x00007ffb8a4b0000 - 0x00007ffb8a64d000 	C:\Windows\System32\USER32.dll
0x00007ffb88160000 - 0x00007ffb88182000 	C:\Windows\System32\win32u.dll
0x00007ffb4f4d0000 - 0x00007ffb4f4e5000 	C:\Program Files\Java\jdk-11.0.15.1\bin\VCRUNTIME140.dll
0x00007ffb778b0000 - 0x00007ffb77b4a000 	C:\Windows\WinSxS\amd64_microsoft.windows.common-controls_6595b64144ccf1df_6.0.19041.1110_none_60b5254171f9507e\COMCTL32.dll
0x00007ffb8a280000 - 0x00007ffb8a2ab000 	C:\Windows\System32\GDI32.dll
0x00007ffb88050000 - 0x00007ffb8815f000 	C:\Windows\System32\gdi32full.dll
0x00007ffb887a0000 - 0x00007ffb8883d000 	C:\Windows\System32\msvcp_win.dll
0x00007ffb86040000 - 0x00007ffb8604a000 	C:\Windows\SYSTEM32\VERSION.dll
0x00007ffb8a100000 - 0x00007ffb8a132000 	C:\Windows\System32\IMM32.DLL
0x00007ffb34420000 - 0x00007ffb344bb000 	C:\Program Files\Java\jdk-11.0.15.1\bin\msvcp140.dll
0x00007ffaec8c0000 - 0x00007ffaed3d6000 	C:\Program Files\Java\jdk-11.0.15.1\bin\server\jvm.dll
0x00007ffb89de0000 - 0x00007ffb89de8000 	C:\Windows\System32\PSAPI.DLL
0x00007ffb5cf90000 - 0x00007ffb5cf99000 	C:\Windows\SYSTEM32\WSOCK32.dll
0x00007ffb8a1f0000 - 0x00007ffb8a25b000 	C:\Windows\System32\WS2_32.dll
0x00007ffb74da0000 - 0x00007ffb74dc7000 	C:\Windows\SYSTEM32\WINMM.dll
0x00007ffb868a0000 - 0x00007ffb868b2000 	C:\Windows\SYSTEM32\kernel.appcore.dll
0x00007ffb635f0000 - 0x00007ffb63600000 	C:\Program Files\Java\jdk-11.0.15.1\bin\verify.dll
0x00007ffb74920000 - 0x00007ffb74b04000 	C:\Windows\SYSTEM32\DBGHELP.DLL
0x00007ffb748f0000 - 0x00007ffb7491c000 	C:\Windows\SYSTEM32\dbgcore.DLL
0x00007ffb88570000 - 0x00007ffb885f2000 	C:\Windows\System32\bcryptPrimitives.dll
0x00007ffb4db60000 - 0x00007ffb4db88000 	C:\Program Files\Java\jdk-11.0.15.1\bin\java.dll
0x00007ffb63330000 - 0x00007ffb6333a000 	C:\Program Files\Java\jdk-11.0.15.1\bin\jimage.dll
0x00007ffb80510000 - 0x00007ffb80548000 	C:\Program Files\Java\jdk-11.0.15.1\bin\jdwp.dll
0x00007ffb82240000 - 0x00007ffb8224e000 	C:\Program Files\Java\jdk-11.0.15.1\bin\instrument.dll
0x00007ffb4d8f0000 - 0x00007ffb4d906000 	C:\Program Files\Java\jdk-11.0.15.1\bin\zip.dll
0x00007ffb89570000 - 0x00007ffb89cb3000 	C:\Windows\System32\SHELL32.dll
0x00007ffb860f0000 - 0x00007ffb86882000 	C:\Windows\SYSTEM32\windows.storage.dll
0x00007ffb89090000 - 0x00007ffb893e4000 	C:\Windows\System32\combase.dll
0x00007ffb87ab0000 - 0x00007ffb87ae0000 	C:\Windows\SYSTEM32\Wldp.dll
0x00007ffb8a140000 - 0x00007ffb8a1ed000 	C:\Windows\System32\SHCORE.dll
0x00007ffb8a450000 - 0x00007ffb8a4a5000 	C:\Windows\System32\shlwapi.dll
0x00007ffb87f90000 - 0x00007ffb87faf000 	C:\Windows\SYSTEM32\profapi.dll
0x00007ffb82270000 - 0x00007ffb8227a000 	C:\Program Files\Java\jdk-11.0.15.1\bin\dt_socket.dll
0x00007ffb87810000 - 0x00007ffb8787a000 	C:\Windows\system32\mswsock.dll
0x00007ffb49170000 - 0x00007ffb49189000 	C:\Program Files\Java\jdk-11.0.15.1\bin\net.dll
0x00007ffb85e30000 - 0x00007ffb85f3c000 	C:\Windows\SYSTEM32\WINHTTP.dll
0x00007ffb49150000 - 0x00007ffb49162000 	C:\Program Files\Java\jdk-11.0.15.1\bin\nio.dll
0x00007ffb874b0000 - 0x00007ffb874eb000 	C:\Windows\SYSTEM32\IPHLPAPI.DLL
0x00007ffb8a270000 - 0x00007ffb8a278000 	C:\Windows\System32\NSI.dll
0x00007ffb7d910000 - 0x00007ffb7d927000 	C:\Windows\SYSTEM32\dhcpcsvc6.DLL
0x00007ffb7da40000 - 0x00007ffb7da5d000 	C:\Windows\SYSTEM32\dhcpcsvc.DLL
0x00007ffb87500000 - 0x00007ffb875ca000 	C:\Windows\SYSTEM32\DNSAPI.dll
0x00007ffb79440000 - 0x00007ffb7944a000 	C:\Windows\System32\rasadhlp.dll
0x00007ffb79860000 - 0x00007ffb798e0000 	C:\Windows\System32\fwpuclnt.dll
0x00007ffb886c0000 - 0x00007ffb886e7000 	C:\Windows\System32\bcrypt.dll
0x00007ffb804d0000 - 0x00007ffb804d9000 	C:\Program Files\Java\jdk-11.0.15.1\bin\management.dll
0x00007ffb804c0000 - 0x00007ffb804cb000 	C:\Program Files\Java\jdk-11.0.15.1\bin\management_ext.dll
0x00007ffb66440000 - 0x00007ffb66457000 	C:\Windows\system32\napinsp.dll
0x00007ffb66420000 - 0x00007ffb6643b000 	C:\Windows\system32\pnrpnsp.dll
0x00007ffb82ba0000 - 0x00007ffb82bb5000 	C:\Windows\system32\wshbth.dll
0x00007ffb835e0000 - 0x00007ffb835fd000 	C:\Windows\system32\NLAapi.dll
0x00007ffb66460000 - 0x00007ffb66472000 	C:\Windows\System32\winrnr.dll
0x00007ffb87a00000 - 0x00007ffb87a18000 	C:\Windows\SYSTEM32\CRYPTSP.dll
0x00007ffb870c0000 - 0x00007ffb870f4000 	C:\Windows\system32\rsaenh.dll
0x00007ffb87f50000 - 0x00007ffb87f7e000 	C:\Windows\SYSTEM32\USERENV.dll
0x00007ffb87a20000 - 0x00007ffb87a2c000 	C:\Windows\SYSTEM32\CRYPTBASE.dll
0x00007ffb636c0000 - 0x00007ffb636cd000 	C:\Program Files\Java\jdk-11.0.15.1\bin\sunmscapi.dll
0x00007ffb88840000 - 0x00007ffb88996000 	C:\Windows\System32\CRYPT32.dll
0x00007ffb87b20000 - 0x00007ffb87b47000 	C:\Windows\SYSTEM32\ncrypt.dll
0x00007ffb87ae0000 - 0x00007ffb87b1b000 	C:\Windows\SYSTEM32\NTASN1.dll
0x00007ffb54f70000 - 0x00007ffb54f95000 	C:\Program Files\Java\jdk-11.0.15.1\bin\sunec.dll

dbghelp: loaded successfully - version: 4.0.5 - missing functions: none
symbol engine: initialized successfully - sym options: 0x614 - pdb path: .;C:\Program Files\Java\jdk-11.0.15.1\bin;C:\Windows\SYSTEM32;C:\Windows\WinSxS\amd64_microsoft.windows.common-controls_6595b64144ccf1df_6.0.19041.1110_none_60b5254171f9507e;C:\Program Files\Java\jdk-11.0.15.1\bin\server

VM Arguments:
jvm_args: -agentlib:jdwp=transport=dt_socket,address=127.0.0.1:55324,suspend=y,server=n -javaagent:C:\Users\lenovo\AppData\Local\JetBrains\IdeaIC2022.2\captureAgent\debugger-agent.jar=file:/C:/Users/lenovo/AppData/Local/Temp/capture.props -Dfile.encoding=UTF-8 
java_command: com.TP3.gatewayservice.GatewayserviceApplication
java_class_path (initial): C:\Users\lenovo\Desktop\Anas_Fartas_TPs-master\TP3\gatewayservice\target\classes;C:\Users\lenovo\.m2\repository\org\springframework\boot\spring-boot-starter-actuator\2.7.5\spring-boot-starter-actuator-2.7.5.jar;C:\Users\lenovo\.m2\repository\org\springframework\boot\spring-boot-starter\2.7.5\spring-boot-starter-2.7.5.jar;C:\Users\lenovo\.m2\repository\org\springframework\boot\spring-boot\2.7.5\spring-boot-2.7.5.jar;C:\Users\lenovo\.m2\repository\org\springframework\spring-context\5.3.23\spring-context-5.3.23.jar;C:\Users\lenovo\.m2\repository\org\springframework\spring-aop\5.3.23\spring-aop-5.3.23.jar;C:\Users\lenovo\.m2\repository\org\springframework\spring-expression\5.3.23\spring-expression-5.3.23.jar;C:\Users\lenovo\.m2\repository\org\springframework\boot\spring-boot-autoconfigure\2.7.5\spring-boot-autoconfigure-2.7.5.jar;C:\Users\lenovo\.m2\repository\org\springframework\boot\spring-boot-starter-logging\2.7.5\spring-boot-starter-logging-2.7.5.jar;C:\Users\lenovo\.m2\repository\ch\qos\logback\logback-classic\1.2.11\logback-classic-1.2.11.jar;C:\Users\lenovo\.m2\repository\ch\qos\logback\logback-core\1.2.11\logback-core-1.2.11.jar;C:\Users\lenovo\.m2\repository\org\apache\logging\log4j\log4j-to-slf4j\2.17.2\log4j-to-slf4j-2.17.2.jar;C:\Users\lenovo\.m2\repository\org\apache\logging\log4j\log4j-api\2.17.2\log4j-api-2.17.2.jar;C:\Users\lenovo\.m2\repository\org\slf4j\jul-to-slf4j\1.7.36\jul-to-slf4j-1.7.36.jar;C:\Users\lenovo\.m2\repository\jakarta\annotation\jakarta.annotation-api\1.3.5\jakarta.annotation-api-1.3.5.jar;C:\Users\lenovo\.m2\repository\org\yaml\snakeyaml\1.30\snakeyaml-1.30.jar;C:\Users\lenovo\.m2\repository\org\springframework\boot\spring-boot-actuator-autoconfigure\2.7.5\spring-boot-actuator-autoconfigure-2.7.5.jar;C:\Users\lenovo\.m2\repository\org\springframework\boot\spring-boot-actuator\2.7.5\spring-boot-actuator-2.7.5.jar;C:\Users\lenovo\.m2\repository\com\fasterxml\jackson\core\jackson-databind\2.13.4.2\jackson-da
Launcher Type: SUN_STANDARD

[Global flags]
     intx CICompilerCount                          = 3                                         {product} {ergonomic}
     uint ConcGCThreads                            = 1                                         {product} {ergonomic}
     uint G1ConcRefinementThreads                  = 4                                         {product} {ergonomic}
   size_t G1HeapRegionSize                         = 1048576                                   {product} {ergonomic}
    uintx GCDrainStackTargetSize                   = 64                                        {product} {ergonomic}
   size_t InitialHeapSize                          = 130023424                                 {product} {ergonomic}
   size_t MarkStackSize                            = 4194304                                   {product} {ergonomic}
   size_t MaxHeapSize                              = 2055208960                                {product} {ergonomic}
   size_t MaxNewSize                               = 1233125376                                {product} {ergonomic}
   size_t MinHeapDeltaBytes                        = 1048576                                   {product} {ergonomic}
    uintx NonNMethodCodeHeapSize                   = 5830732                                {pd product} {ergonomic}
    uintx NonProfiledCodeHeapSize                  = 122913754                              {pd product} {ergonomic}
    uintx ProfiledCodeHeapSize                     = 122913754                              {pd product} {ergonomic}
    uintx ReservedCodeCacheSize                    = 251658240                              {pd product} {ergonomic}
     bool SegmentedCodeCache                       = true                                      {product} {ergonomic}
     bool UseCompressedClassPointers               = true                                 {lp64_product} {ergonomic}
     bool UseCompressedOops                        = true                                 {lp64_product} {ergonomic}
     bool UseG1GC                                  = true                                      {product} {ergonomic}
     bool UseLargePagesIndividualAllocation        = false                                  {pd product} {ergonomic}

Logging:
Log output configuration:
 #0: stdout all=warning uptime,level,tags
 #1: stderr all=off uptime,level,tags

Environment Variables:
PATH=C:\Program Files\Common Files\Oracle\Java\javapath;C:\Program Files\Microsoft\jdk-11.0.12.7-hotspot\bin;C:\Windows\system32;C:\Windows;C:\Windows\System32\Wbem;C:\Windows\System32\WindowsPowerShell\v1.0\;C:\Windows\System32\OpenSSH\;C:\Program Files\Microsoft VS Code\bin;C:\Program Files\Microsoft SQL Server\150\Tools\Binn\;C:\Program Files\Microsoft SQL Server\Client SDK\ODBC\170\Tools\Binn\;C:\Program Files\dotnet\;C:\Program Files\Microsoft SQL Server\Client SDK\ODBC\110\Tools\Binn\;C:\Program Files (x86)\Microsoft SQL Server\120\Tools\Binn\;C:\Program Files\Microsoft SQL Server\120\Tools\Binn\;C:\Program Files\Microsoft SQL Server\120\DTS\Binn\;C:\Program Files (x86)\Microsoft SQL Server\120\Tools\Binn\ManagementStudio\;C:\Program Files (x86)\Microsoft SQL Server\120\DTS\Binn\;C:\Program Files\Java\jdk-11.0.15.1\bin;C:\Program Files\Git\cmd;C:\Program Files\Git\mingw64\bin;C:\Program Files\Git\usr\bin;C:\Program Files\nodejs\;C:\Users\lenovo\AppData\Local\Microsoft\WindowsApps;C:\Users\lenovo\.dotnet\tools;C:\Program Files\JetBrains\IntelliJ IDEA Community Edition 2022.2\bin;;C:\Users\lenovo\AppData\Roaming\npm
USERNAME=lenovo
OS=Windows_NT
PROCESSOR_IDENTIFIER=Intel64 Family 6 Model 142 Stepping 9, GenuineIntel



---------------  S Y S T E M  ---------------

OS: Windows 10 , 64 bit Build 19041 (10.0.19041.2251)

CPU:total 4 (initial active 4) (2 cores per cpu, 2 threads per core) family 6 model 142 stepping 9 microcode 0xb4, cmov, cx8, fxsr, mmx, sse, sse2, sse3, ssse3, sse4.1, sse4.2, popcnt, avx, avx2, aes, clmul, erms, rtm, 3dnowpref, lzcnt, ht, tsc, tscinvbit, bmi1, bmi2, adx, fma

Memory: 4k page, system-wide physical 7839M (268M free)
TotalPageFile size 21123M (AvailPageFile size 3M)
current process WorkingSet (physical memory assigned to process): 275M, peak: 353M
current process commit charge ("private bytes"): 341M, peak: 418M

vm_info: Java HotSpot(TM) 64-Bit Server VM (11.0.15.1+2-LTS-10) for windows-amd64 JRE (11.0.15.1+2-LTS-10), built on Apr 25 2022 21:51:57 by "mach5one" with MS VC++ 15.9 (VS2017)

END.
