#
# There is insufficient memory for the Java Runtime Environment to continue.
# Native memory allocation (malloc) failed to allocate 1716656 bytes for Chunk::new
# Possible reasons:
#   The system is out of physical RAM or swap space
#   The process is running with CompressedOops enabled, and the Java Heap may be blocking the growth of the native heap
# Possible solutions:
#   Reduce memory load on the system
#   Increase physical memory or swap space
#   Check if swap backing store is full
#   Decrease Java heap size (-Xmx/-Xms)
#   Decrease number of Java threads
#   Decrease Java thread stack sizes (-Xss)
#   Set larger code cache with -XX:ReservedCodeCacheSize=
#   JVM is running with Unscaled Compressed Oops mode in which the Java heap is
#     placed in the first 4GB address space. The Java Heap base address is the
#     maximum limit for the native heap growth. Please use -XX:HeapBaseMinAddress
#     to set the Java Heap base and to place the Java Heap above 4GB virtual address.
# This output file may be truncated or incomplete.
#
#  Out of Memory Error (./open/src/hotspot/share/memory/arena.cpp:197), pid=10260, tid=14532
#
# JRE version: Java(TM) SE Runtime Environment 18.9 (11.0.15.1+2) (build 11.0.15.1+2-LTS-10)
# Java VM: Java HotSpot(TM) 64-Bit Server VM 18.9 (11.0.15.1+2-LTS-10, mixed mode, tiered, compressed oops, g1 gc, windows-amd64)
# No core dump will be written. Minidumps are not enabled by default on client versions of Windows
#

---------------  S U M M A R Y ------------

Command Line: -agentlib:jdwp=transport=dt_socket,address=127.0.0.1:55129,suspend=y,server=n -javaagent:C:\Users\lenovo\AppData\Local\JetBrains\IdeaIC2022.2\captureAgent\debugger-agent.jar=file:/C:/Users/lenovo/AppData/Local/Temp/capture.props -Dfile.encoding=UTF-8 tp.discovery.eurekadicovery.EurekaDicoveryApplication

Host: Intel(R) Core(TM) i5-7300U CPU @ 2.60GHz, 4 cores, 7G,  Windows 10 , 64 bit Build 19041 (10.0.19041.2251)
Time: Sat Dec 24 12:15:08 2022 Paris, Madrid elapsed time: 22.750658 seconds (0d 0h 0m 22s)

---------------  T H R E A D  ---------------

Current thread (0x000001eb7924c800):  JavaThread "C2 CompilerThread0" daemon [_thread_in_native, id=14532, stack(0x0000003f0b400000,0x0000003f0b500000)]


Current CompileTask:
C2:  22750 4886       4       org.springframework.boot.context.properties.source.SpringConfigurationPropertySources$SourcesIterator::fetchNext (138 bytes)

Stack: [0x0000003f0b400000,0x0000003f0b500000]
Native frames: (J=compiled Java code, j=interpreted, Vv=VM code, C=native code)
V  [jvm.dll+0x629d8a]
V  [jvm.dll+0x7638ff]
V  [jvm.dll+0x764fa9]
V  [jvm.dll+0x765633]
V  [jvm.dll+0x23d9c8]
V  [jvm.dll+0xb2a1c]
V  [jvm.dll+0xb2fdc]
V  [jvm.dll+0x341047]
V  [jvm.dll+0x30e9b3]
V  [jvm.dll+0x30dcfa]
V  [jvm.dll+0x1f8565]
V  [jvm.dll+0x1f774d]
V  [jvm.dll+0x177c51]
V  [jvm.dll+0x207026]
V  [jvm.dll+0x2051bb]
V  [jvm.dll+0x729820]
V  [jvm.dll+0x7223f4]
V  [jvm.dll+0x628c26]
C  [ucrtbase.dll+0x21bb2]
C  [KERNEL32.DLL+0x174b4]
C  [ntdll.dll+0x526a1]


---------------  P R O C E S S  ---------------

Threads class SMR info:
_java_thread_list=0x000001eb79d482e0, length=17, elements={
0x000001eb68e48000, 0x000001eb7922c000, 0x000001eb7922f000, 0x000001eb79bf2800,
0x000001eb79234800, 0x000001eb79235800, 0x000001eb7924c800, 0x000001eb7924d800,
0x000001eb79253000, 0x000001eb68f1a000, 0x000001eb79e1e000, 0x000001eb79dba000,
0x000001eb79dbe800, 0x000001eb7ce85000, 0x000001eb7e85a000, 0x000001eb7c807800,
0x000001eb7f135000
}

Java Threads: ( => current thread )
  0x000001eb68e48000 JavaThread "main" [_thread_in_native, id=9800, stack(0x0000003f0a800000,0x0000003f0a900000)]
  0x000001eb7922c000 JavaThread "Reference Handler" daemon [_thread_blocked, id=12452, stack(0x0000003f0af00000,0x0000003f0b000000)]
  0x000001eb7922f000 JavaThread "Finalizer" daemon [_thread_blocked, id=16960, stack(0x0000003f0b000000,0x0000003f0b100000)]
  0x000001eb79bf2800 JavaThread "Signal Dispatcher" daemon [_thread_blocked, id=11200, stack(0x0000003f0b100000,0x0000003f0b200000)]
  0x000001eb79234800 JavaThread "Attach Listener" daemon [_thread_blocked, id=12604, stack(0x0000003f0b200000,0x0000003f0b300000)]
  0x000001eb79235800 JavaThread "Service Thread" daemon [_thread_blocked, id=10016, stack(0x0000003f0b300000,0x0000003f0b400000)]
=>0x000001eb7924c800 JavaThread "C2 CompilerThread0" daemon [_thread_in_native, id=14532, stack(0x0000003f0b400000,0x0000003f0b500000)]
  0x000001eb7924d800 JavaThread "C1 CompilerThread0" daemon [_thread_blocked, id=20012, stack(0x0000003f0b500000,0x0000003f0b600000)]
  0x000001eb79253000 JavaThread "Sweeper thread" daemon [_thread_blocked, id=12576, stack(0x0000003f0b600000,0x0000003f0b700000)]
  0x000001eb68f1a000 JavaThread "Common-Cleaner" daemon [_thread_blocked, id=3640, stack(0x0000003f0b700000,0x0000003f0b800000)]
  0x000001eb79e1e000 JavaThread "JDWP Transport Listener: dt_socket" daemon [_thread_blocked, id=20068, stack(0x0000003f0b800000,0x0000003f0b900000)]
  0x000001eb79dba000 JavaThread "JDWP Event Helper Thread" daemon [_thread_blocked, id=9144, stack(0x0000003f0b900000,0x0000003f0ba00000)]
  0x000001eb79dbe800 JavaThread "JDWP Command Reader" daemon [_thread_in_native, id=11956, stack(0x0000003f0ba00000,0x0000003f0bb00000)]
  0x000001eb7ce85000 JavaThread "Catalina-utility-1" [_thread_blocked, id=19396, stack(0x0000003f0bd00000,0x0000003f0be00000)]
  0x000001eb7e85a000 JavaThread "Catalina-utility-2" [_thread_blocked, id=3968, stack(0x0000003f0c000000,0x0000003f0c100000)]
  0x000001eb7c807800 JavaThread "container-0" [_thread_blocked, id=16304, stack(0x0000003f0c100000,0x0000003f0c200000)]
  0x000001eb7f135000 JavaThread "spring.cloud.inetutils" daemon [_thread_blocked, id=8960, stack(0x0000003f0c200000,0x0000003f0c300000)]

Other Threads:
  0x000001eb79207000 VMThread "VM Thread" [stack: 0x0000003f0ae00000,0x0000003f0af00000] [id=5368]
  0x000001eb79e77000 WatcherThread [stack: 0x0000003f0bb00000,0x0000003f0bc00000] [id=13504]
  0x000001eb68e5f000 GCTaskThread "GC Thread#0" [stack: 0x0000003f0a900000,0x0000003f0aa00000] [id=7580]
  0x000001eb7a3c4800 GCTaskThread "GC Thread#1" [stack: 0x0000003f0bc00000,0x0000003f0bd00000] [id=8020]
  0x000001eb7b21e800 GCTaskThread "GC Thread#2" [stack: 0x0000003f0be00000,0x0000003f0bf00000] [id=19240]
  0x000001eb7aafc800 GCTaskThread "GC Thread#3" [stack: 0x0000003f0bf00000,0x0000003f0c000000] [id=13100]
  0x000001eb68e90000 ConcurrentGCThread "G1 Main Marker" [stack: 0x0000003f0aa00000,0x0000003f0ab00000] [id=13140]
  0x000001eb68e91000 ConcurrentGCThread "G1 Conc#0" [stack: 0x0000003f0ab00000,0x0000003f0ac00000] [id=4032]
  0x000001eb68f11800 ConcurrentGCThread "G1 Refine#0" [stack: 0x0000003f0ac00000,0x0000003f0ad00000] [id=19624]
  0x000001eb68f12800 ConcurrentGCThread "G1 Young RemSet Sampling" [stack: 0x0000003f0ad00000,0x0000003f0ae00000] [id=9040]

Threads with active compile tasks:
C2 CompilerThread0  22806 4886       4       org.springframework.boot.context.properties.source.SpringConfigurationPropertySources$SourcesIterator::fetchNext (138 bytes)

VM state:not at safepoint (normal execution)

VM Mutex/Monitor currently owned by a thread: None

Heap address: 0x0000000085800000, size: 1960 MB, Compressed Oops mode: 32-bit
Narrow klass base: 0x0000000000000000, Narrow klass shift: 3
Compressed class space size: 1073741824 Address: 0x0000000100000000

Heap:
 garbage-first heap   total 183296K, used 35619K [0x0000000085800000, 0x0000000100000000)
  region size 1024K, 23 young (23552K), 9 survivors (9216K)
 Metaspace       used 50109K, capacity 51593K, committed 51792K, reserved 1093632K
  class space    used 6139K, capacity 6753K, committed 6784K, reserved 1048576K
Heap Regions: E=young(eden), S=young(survivor), O=old, HS=humongous(starts), HC=humongous(continues), CS=collection set, F=free, A=archive, TAMS=top-at-mark-start (previous, next)
|   0|0x0000000085800000, 0x0000000085900000, 0x0000000085900000|100%| O|  |TAMS 0x0000000085900000, 0x0000000085800000| Untracked 
|   1|0x0000000085900000, 0x0000000085a00000, 0x0000000085a00000|100%| O|  |TAMS 0x0000000085a00000, 0x0000000085900000| Untracked 
|   2|0x0000000085a00000, 0x0000000085b00000, 0x0000000085b00000|100%| O|  |TAMS 0x0000000085b00000, 0x0000000085a00000| Untracked 
|   3|0x0000000085b00000, 0x0000000085c00000, 0x0000000085c00000|100%| O|  |TAMS 0x0000000085c00000, 0x0000000085b00000| Untracked 
|   4|0x0000000085c00000, 0x0000000085d00000, 0x0000000085d00000|100%| O|  |TAMS 0x0000000085d00000, 0x0000000085c00000| Untracked 
|   5|0x0000000085d00000, 0x0000000085e00000, 0x0000000085e00000|100%| O|  |TAMS 0x0000000085e00000, 0x0000000085d00000| Untracked 
|   6|0x0000000085e00000, 0x0000000085f00000, 0x0000000085f00000|100%| O|  |TAMS 0x0000000085f00000, 0x0000000085e00000| Untracked 
|   7|0x0000000085f00000, 0x0000000086000000, 0x0000000086000000|100%| O|  |TAMS 0x0000000085f05200, 0x0000000085f00000| Untracked 
|   8|0x0000000086000000, 0x0000000086100000, 0x0000000086100000|100%| O|  |TAMS 0x0000000086000000, 0x0000000086000000| Untracked 
|   9|0x0000000086100000, 0x0000000086200000, 0x0000000086200000|100%| O|  |TAMS 0x0000000086100000, 0x0000000086100000| Untracked 
|  10|0x0000000086200000, 0x00000000862c8e00, 0x0000000086300000| 78%| O|  |TAMS 0x0000000086200000, 0x0000000086200000| Untracked 
|  11|0x0000000086300000, 0x0000000086300000, 0x0000000086400000|  0%| F|  |TAMS 0x0000000086300000, 0x0000000086300000| Untracked 
|  12|0x0000000086400000, 0x0000000086400000, 0x0000000086500000|  0%| F|  |TAMS 0x0000000086400000, 0x0000000086400000| Untracked 
|  13|0x0000000086500000, 0x0000000086600000, 0x0000000086600000|100%| O|  |TAMS 0x0000000086500000, 0x0000000086500000| Untracked 
|  14|0x0000000086600000, 0x0000000086700000, 0x0000000086700000|100%| O|  |TAMS 0x0000000086600000, 0x0000000086600000| Untracked 
|  15|0x0000000086700000, 0x0000000086700000, 0x0000000086800000|  0%| F|  |TAMS 0x0000000086700000, 0x0000000086700000| Untracked 
|  16|0x0000000086800000, 0x0000000086800000, 0x0000000086900000|  0%| F|  |TAMS 0x0000000086800000, 0x0000000086800000| Untracked 
|  17|0x0000000086900000, 0x0000000086900000, 0x0000000086a00000|  0%| F|  |TAMS 0x0000000086900000, 0x0000000086900000| Untracked 
|  18|0x0000000086a00000, 0x0000000086a00000, 0x0000000086b00000|  0%| F|  |TAMS 0x0000000086a00000, 0x0000000086a00000| Untracked 
|  19|0x0000000086b00000, 0x0000000086b00000, 0x0000000086c00000|  0%| F|  |TAMS 0x0000000086b00000, 0x0000000086b00000| Untracked 
|  20|0x0000000086c00000, 0x0000000086c00000, 0x0000000086d00000|  0%| F|  |TAMS 0x0000000086c00000, 0x0000000086c00000| Untracked 
|  21|0x0000000086d00000, 0x0000000086d00000, 0x0000000086e00000|  0%| F|  |TAMS 0x0000000086d00000, 0x0000000086d00000| Untracked 
|  22|0x0000000086e00000, 0x0000000086e00000, 0x0000000086f00000|  0%| F|  |TAMS 0x0000000086e00000, 0x0000000086e00000| Untracked 
|  23|0x0000000086f00000, 0x0000000086f00000, 0x0000000087000000|  0%| F|  |TAMS 0x0000000086f00000, 0x0000000086f00000| Untracked 
|  24|0x0000000087000000, 0x0000000087000000, 0x0000000087100000|  0%| F|  |TAMS 0x0000000087000000, 0x0000000087000000| Untracked 
|  25|0x0000000087100000, 0x0000000087100000, 0x0000000087200000|  0%| F|  |TAMS 0x0000000087100000, 0x0000000087100000| Untracked 
|  26|0x0000000087200000, 0x0000000087200000, 0x0000000087300000|  0%| F|  |TAMS 0x0000000087200000, 0x0000000087200000| Untracked 
|  27|0x0000000087300000, 0x0000000087300000, 0x0000000087400000|  0%| F|  |TAMS 0x0000000087300000, 0x0000000087300000| Untracked 
|  28|0x0000000087400000, 0x0000000087400000, 0x0000000087500000|  0%| F|  |TAMS 0x0000000087400000, 0x0000000087400000| Untracked 
|  29|0x0000000087500000, 0x0000000087500000, 0x0000000087600000|  0%| F|  |TAMS 0x0000000087500000, 0x0000000087500000| Untracked 
|  30|0x0000000087600000, 0x0000000087600000, 0x0000000087700000|  0%| F|  |TAMS 0x0000000087600000, 0x0000000087600000| Untracked 
|  31|0x0000000087700000, 0x0000000087700000, 0x0000000087800000|  0%| F|  |TAMS 0x0000000087700000, 0x0000000087700000| Untracked 
|  32|0x0000000087800000, 0x0000000087800000, 0x0000000087900000|  0%| F|  |TAMS 0x0000000087800000, 0x0000000087800000| Untracked 
|  33|0x0000000087900000, 0x0000000087900000, 0x0000000087a00000|  0%| F|  |TAMS 0x0000000087900000, 0x0000000087900000| Untracked 
|  34|0x0000000087a00000, 0x0000000087a00000, 0x0000000087b00000|  0%| F|  |TAMS 0x0000000087a00000, 0x0000000087a00000| Untracked 
|  35|0x0000000087b00000, 0x0000000087b00000, 0x0000000087c00000|  0%| F|  |TAMS 0x0000000087b00000, 0x0000000087b00000| Untracked 
|  36|0x0000000087c00000, 0x0000000087c00000, 0x0000000087d00000|  0%| F|  |TAMS 0x0000000087c00000, 0x0000000087c00000| Untracked 
|  37|0x0000000087d00000, 0x0000000087d00000, 0x0000000087e00000|  0%| F|  |TAMS 0x0000000087d00000, 0x0000000087d00000| Untracked 
|  38|0x0000000087e00000, 0x0000000087e00000, 0x0000000087f00000|  0%| F|  |TAMS 0x0000000087e00000, 0x0000000087e00000| Untracked 
|  39|0x0000000087f00000, 0x0000000087f00000, 0x0000000088000000|  0%| F|  |TAMS 0x0000000087f00000, 0x0000000087f00000| Untracked 
|  40|0x0000000088000000, 0x0000000088000000, 0x0000000088100000|  0%| F|  |TAMS 0x0000000088000000, 0x0000000088000000| Untracked 
|  41|0x0000000088100000, 0x0000000088100000, 0x0000000088200000|  0%| F|  |TAMS 0x0000000088100000, 0x0000000088100000| Untracked 
|  42|0x0000000088200000, 0x0000000088200000, 0x0000000088300000|  0%| F|  |TAMS 0x0000000088200000, 0x0000000088200000| Untracked 
|  43|0x0000000088300000, 0x0000000088300000, 0x0000000088400000|  0%| F|  |TAMS 0x0000000088300000, 0x0000000088300000| Untracked 
|  44|0x0000000088400000, 0x0000000088400000, 0x0000000088500000|  0%| F|  |TAMS 0x0000000088400000, 0x0000000088400000| Untracked 
|  45|0x0000000088500000, 0x0000000088500000, 0x0000000088600000|  0%| F|  |TAMS 0x0000000088500000, 0x0000000088500000| Untracked 
|  46|0x0000000088600000, 0x0000000088600000, 0x0000000088700000|  0%| F|  |TAMS 0x0000000088600000, 0x0000000088600000| Untracked 
|  47|0x0000000088700000, 0x0000000088700000, 0x0000000088800000|  0%| F|  |TAMS 0x0000000088700000, 0x0000000088700000| Untracked 
|  48|0x0000000088800000, 0x0000000088800000, 0x0000000088900000|  0%| F|  |TAMS 0x0000000088800000, 0x0000000088800000| Untracked 
|  49|0x0000000088900000, 0x0000000088900000, 0x0000000088a00000|  0%| F|  |TAMS 0x0000000088900000, 0x0000000088900000| Untracked 
|  50|0x0000000088a00000, 0x0000000088a00000, 0x0000000088b00000|  0%| F|  |TAMS 0x0000000088a00000, 0x0000000088a00000| Untracked 
|  51|0x0000000088b00000, 0x0000000088b00000, 0x0000000088c00000|  0%| F|  |TAMS 0x0000000088b00000, 0x0000000088b00000| Untracked 
|  52|0x0000000088c00000, 0x0000000088c00000, 0x0000000088d00000|  0%| F|  |TAMS 0x0000000088c00000, 0x0000000088c00000| Untracked 
|  53|0x0000000088d00000, 0x0000000088d00000, 0x0000000088e00000|  0%| F|  |TAMS 0x0000000088d00000, 0x0000000088d00000| Untracked 
|  54|0x0000000088e00000, 0x0000000088e00000, 0x0000000088f00000|  0%| F|  |TAMS 0x0000000088e00000, 0x0000000088e00000| Untracked 
|  55|0x0000000088f00000, 0x0000000088f00000, 0x0000000089000000|  0%| F|  |TAMS 0x0000000088f00000, 0x0000000088f00000| Untracked 
|  56|0x0000000089000000, 0x0000000089000000, 0x0000000089100000|  0%| F|  |TAMS 0x0000000089000000, 0x0000000089000000| Untracked 
|  57|0x0000000089100000, 0x0000000089100000, 0x0000000089200000|  0%| F|  |TAMS 0x0000000089100000, 0x0000000089100000| Untracked 
|  58|0x0000000089200000, 0x0000000089200000, 0x0000000089300000|  0%| F|  |TAMS 0x0000000089200000, 0x0000000089200000| Untracked 
|  59|0x0000000089300000, 0x0000000089300000, 0x0000000089400000|  0%| F|  |TAMS 0x0000000089300000, 0x0000000089300000| Untracked 
|  60|0x0000000089400000, 0x0000000089400000, 0x0000000089500000|  0%| F|  |TAMS 0x0000000089400000, 0x0000000089400000| Untracked 
|  61|0x0000000089500000, 0x0000000089600000, 0x0000000089600000|100%| S|CS|TAMS 0x0000000089500000, 0x0000000089500000| Complete 
|  62|0x0000000089600000, 0x0000000089700000, 0x0000000089700000|100%| S|CS|TAMS 0x0000000089600000, 0x0000000089600000| Complete 
|  63|0x0000000089700000, 0x0000000089800000, 0x0000000089800000|100%| S|CS|TAMS 0x0000000089700000, 0x0000000089700000| Complete 
|  64|0x0000000089800000, 0x0000000089900000, 0x0000000089900000|100%| S|CS|TAMS 0x0000000089800000, 0x0000000089800000| Complete 
|  65|0x0000000089900000, 0x0000000089a00000, 0x0000000089a00000|100%| S|CS|TAMS 0x0000000089900000, 0x0000000089900000| Complete 
|  66|0x0000000089a00000, 0x0000000089b00000, 0x0000000089b00000|100%| S|CS|TAMS 0x0000000089a00000, 0x0000000089a00000| Complete 
|  67|0x0000000089b00000, 0x0000000089c00000, 0x0000000089c00000|100%| S|CS|TAMS 0x0000000089b00000, 0x0000000089b00000| Complete 
|  68|0x0000000089c00000, 0x0000000089d00000, 0x0000000089d00000|100%| S|CS|TAMS 0x0000000089c00000, 0x0000000089c00000| Complete 
|  69|0x0000000089d00000, 0x0000000089e00000, 0x0000000089e00000|100%| S|CS|TAMS 0x0000000089d00000, 0x0000000089d00000| Complete 
|  70|0x0000000089e00000, 0x0000000089e00000, 0x0000000089f00000|  0%| F|  |TAMS 0x0000000089e00000, 0x0000000089e00000| Untracked 
|  71|0x0000000089f00000, 0x0000000089f00000, 0x000000008a000000|  0%| F|  |TAMS 0x0000000089f00000, 0x0000000089f00000| Untracked 
|  72|0x000000008a000000, 0x000000008a000000, 0x000000008a100000|  0%| F|  |TAMS 0x000000008a000000, 0x000000008a000000| Untracked 
|  73|0x000000008a100000, 0x000000008a100000, 0x000000008a200000|  0%| F|  |TAMS 0x000000008a100000, 0x000000008a100000| Untracked 
|  74|0x000000008a200000, 0x000000008a200000, 0x000000008a300000|  0%| F|  |TAMS 0x000000008a200000, 0x000000008a200000| Untracked 
|  75|0x000000008a300000, 0x000000008a300000, 0x000000008a400000|  0%| F|  |TAMS 0x000000008a300000, 0x000000008a300000| Untracked 
|  76|0x000000008a400000, 0x000000008a400000, 0x000000008a500000|  0%| F|  |TAMS 0x000000008a400000, 0x000000008a400000| Untracked 
|  77|0x000000008a500000, 0x000000008a500000, 0x000000008a600000|  0%| F|  |TAMS 0x000000008a500000, 0x000000008a500000| Untracked 
|  78|0x000000008a600000, 0x000000008a600000, 0x000000008a700000|  0%| F|  |TAMS 0x000000008a600000, 0x000000008a600000| Untracked 
|  79|0x000000008a700000, 0x000000008a700000, 0x000000008a800000|  0%| F|  |TAMS 0x000000008a700000, 0x000000008a700000| Untracked 
|  80|0x000000008a800000, 0x000000008a800000, 0x000000008a900000|  0%| F|  |TAMS 0x000000008a800000, 0x000000008a800000| Untracked 
|  81|0x000000008a900000, 0x000000008a900000, 0x000000008aa00000|  0%| F|  |TAMS 0x000000008a900000, 0x000000008a900000| Untracked 
|  82|0x000000008aa00000, 0x000000008aa00000, 0x000000008ab00000|  0%| F|  |TAMS 0x000000008aa00000, 0x000000008aa00000| Untracked 
|  83|0x000000008ab00000, 0x000000008ab00000, 0x000000008ac00000|  0%| F|  |TAMS 0x000000008ab00000, 0x000000008ab00000| Untracked 
|  84|0x000000008ac00000, 0x000000008ac00000, 0x000000008ad00000|  0%| F|  |TAMS 0x000000008ac00000, 0x000000008ac00000| Untracked 
|  85|0x000000008ad00000, 0x000000008ad00000, 0x000000008ae00000|  0%| F|  |TAMS 0x000000008ad00000, 0x000000008ad00000| Untracked 
|  86|0x000000008ae00000, 0x000000008ae00000, 0x000000008af00000|  0%| F|  |TAMS 0x000000008ae00000, 0x000000008ae00000| Untracked 
|  87|0x000000008af00000, 0x000000008af00000, 0x000000008b000000|  0%| F|  |TAMS 0x000000008af00000, 0x000000008af00000| Untracked 
|  88|0x000000008b000000, 0x000000008b000000, 0x000000008b100000|  0%| F|  |TAMS 0x000000008b000000, 0x000000008b000000| Untracked 
|  89|0x000000008b100000, 0x000000008b100000, 0x000000008b200000|  0%| F|  |TAMS 0x000000008b100000, 0x000000008b100000| Untracked 
|  90|0x000000008b200000, 0x000000008b200000, 0x000000008b300000|  0%| F|  |TAMS 0x000000008b200000, 0x000000008b200000| Untracked 
|  91|0x000000008b300000, 0x000000008b300000, 0x000000008b400000|  0%| F|  |TAMS 0x000000008b300000, 0x000000008b300000| Untracked 
|  92|0x000000008b400000, 0x000000008b400000, 0x000000008b500000|  0%| F|  |TAMS 0x000000008b400000, 0x000000008b400000| Untracked 
|  93|0x000000008b500000, 0x000000008b500000, 0x000000008b600000|  0%| F|  |TAMS 0x000000008b500000, 0x000000008b500000| Untracked 
|  94|0x000000008b600000, 0x000000008b600000, 0x000000008b700000|  0%| F|  |TAMS 0x000000008b600000, 0x000000008b600000| Untracked 
|  95|0x000000008b700000, 0x000000008b700000, 0x000000008b800000|  0%| F|  |TAMS 0x000000008b700000, 0x000000008b700000| Untracked 
|  96|0x000000008b800000, 0x000000008b800000, 0x000000008b900000|  0%| F|  |TAMS 0x000000008b800000, 0x000000008b800000| Untracked 
|  97|0x000000008b900000, 0x000000008b900000, 0x000000008ba00000|  0%| F|  |TAMS 0x000000008b900000, 0x000000008b900000| Untracked 
|  98|0x000000008ba00000, 0x000000008ba00000, 0x000000008bb00000|  0%| F|  |TAMS 0x000000008ba00000, 0x000000008ba00000| Untracked 
|  99|0x000000008bb00000, 0x000000008bb00000, 0x000000008bc00000|  0%| F|  |TAMS 0x000000008bb00000, 0x000000008bb00000| Untracked 
| 100|0x000000008bc00000, 0x000000008bc00000, 0x000000008bd00000|  0%| F|  |TAMS 0x000000008bc00000, 0x000000008bc00000| Untracked 
| 101|0x000000008bd00000, 0x000000008bd00000, 0x000000008be00000|  0%| F|  |TAMS 0x000000008bd00000, 0x000000008bd00000| Untracked 
| 102|0x000000008be00000, 0x000000008be00000, 0x000000008bf00000|  0%| F|  |TAMS 0x000000008be00000, 0x000000008be00000| Untracked 
| 103|0x000000008bf00000, 0x000000008bf00000, 0x000000008c000000|  0%| F|  |TAMS 0x000000008bf00000, 0x000000008bf00000| Untracked 
| 104|0x000000008c000000, 0x000000008c000000, 0x000000008c100000|  0%| F|  |TAMS 0x000000008c000000, 0x000000008c000000| Untracked 
| 105|0x000000008c100000, 0x000000008c100000, 0x000000008c200000|  0%| F|  |TAMS 0x000000008c100000, 0x000000008c100000| Untracked 
| 106|0x000000008c200000, 0x000000008c200000, 0x000000008c300000|  0%| F|  |TAMS 0x000000008c200000, 0x000000008c200000| Untracked 
| 107|0x000000008c300000, 0x000000008c300000, 0x000000008c400000|  0%| F|  |TAMS 0x000000008c300000, 0x000000008c300000| Untracked 
| 108|0x000000008c400000, 0x000000008c400000, 0x000000008c500000|  0%| F|  |TAMS 0x000000008c400000, 0x000000008c400000| Untracked 
| 109|0x000000008c500000, 0x000000008c500000, 0x000000008c600000|  0%| F|  |TAMS 0x000000008c500000, 0x000000008c500000| Untracked 
| 110|0x000000008c600000, 0x000000008c600000, 0x000000008c700000|  0%| F|  |TAMS 0x000000008c600000, 0x000000008c600000| Untracked 
| 111|0x000000008c700000, 0x000000008c700000, 0x000000008c800000|  0%| F|  |TAMS 0x000000008c700000, 0x000000008c700000| Untracked 
| 112|0x000000008c800000, 0x000000008c800000, 0x000000008c900000|  0%| F|  |TAMS 0x000000008c800000, 0x000000008c800000| Untracked 
| 113|0x000000008c900000, 0x000000008c900000, 0x000000008ca00000|  0%| F|  |TAMS 0x000000008c900000, 0x000000008c900000| Untracked 
| 114|0x000000008ca00000, 0x000000008ca00000, 0x000000008cb00000|  0%| F|  |TAMS 0x000000008ca00000, 0x000000008ca00000| Untracked 
| 115|0x000000008cb00000, 0x000000008cb00000, 0x000000008cc00000|  0%| F|  |TAMS 0x000000008cb00000, 0x000000008cb00000| Untracked 
| 116|0x000000008cc00000, 0x000000008cc00000, 0x000000008cd00000|  0%| F|  |TAMS 0x000000008cc00000, 0x000000008cc00000| Untracked 
| 117|0x000000008cd00000, 0x000000008cd00000, 0x000000008ce00000|  0%| F|  |TAMS 0x000000008cd00000, 0x000000008cd00000| Untracked 
| 118|0x000000008ce00000, 0x000000008ce00000, 0x000000008cf00000|  0%| F|  |TAMS 0x000000008ce00000, 0x000000008ce00000| Untracked 
| 119|0x000000008cf00000, 0x000000008cf00000, 0x000000008d000000|  0%| F|  |TAMS 0x000000008cf00000, 0x000000008cf00000| Untracked 
| 120|0x000000008d000000, 0x000000008d000000, 0x000000008d100000|  0%| F|  |TAMS 0x000000008d000000, 0x000000008d000000| Untracked 
| 121|0x000000008d100000, 0x000000008d100000, 0x000000008d200000|  0%| F|  |TAMS 0x000000008d100000, 0x000000008d100000| Untracked 
| 122|0x000000008d200000, 0x000000008d200000, 0x000000008d300000|  0%| F|  |TAMS 0x000000008d200000, 0x000000008d200000| Untracked 
| 123|0x000000008d300000, 0x000000008d300000, 0x000000008d400000|  0%| F|  |TAMS 0x000000008d300000, 0x000000008d300000| Untracked 
| 124|0x000000008d400000, 0x000000008d400000, 0x000000008d500000|  0%| F|  |TAMS 0x000000008d400000, 0x000000008d400000| Untracked 
| 125|0x000000008d500000, 0x000000008d500000, 0x000000008d600000|  0%| F|  |TAMS 0x000000008d500000, 0x000000008d500000| Untracked 
| 126|0x000000008d600000, 0x000000008d600000, 0x000000008d700000|  0%| F|  |TAMS 0x000000008d600000, 0x000000008d600000| Untracked 
| 127|0x000000008d700000, 0x000000008d700000, 0x000000008d800000|  0%| F|  |TAMS 0x000000008d700000, 0x000000008d700000| Untracked 
| 128|0x000000008d800000, 0x000000008d800000, 0x000000008d900000|  0%| F|  |TAMS 0x000000008d800000, 0x000000008d800000| Untracked 
| 129|0x000000008d900000, 0x000000008d900000, 0x000000008da00000|  0%| F|  |TAMS 0x000000008d900000, 0x000000008d900000| Untracked 
| 130|0x000000008da00000, 0x000000008da00000, 0x000000008db00000|  0%| F|  |TAMS 0x000000008da00000, 0x000000008da00000| Untracked 
| 131|0x000000008db00000, 0x000000008db00000, 0x000000008dc00000|  0%| F|  |TAMS 0x000000008db00000, 0x000000008db00000| Untracked 
| 132|0x000000008dc00000, 0x000000008dc00000, 0x000000008dd00000|  0%| F|  |TAMS 0x000000008dc00000, 0x000000008dc00000| Untracked 
| 133|0x000000008dd00000, 0x000000008dd00000, 0x000000008de00000|  0%| F|  |TAMS 0x000000008dd00000, 0x000000008dd00000| Untracked 
| 134|0x000000008de00000, 0x000000008de00000, 0x000000008df00000|  0%| F|  |TAMS 0x000000008de00000, 0x000000008de00000| Untracked 
| 135|0x000000008df00000, 0x000000008df00000, 0x000000008e000000|  0%| F|  |TAMS 0x000000008df00000, 0x000000008df00000| Untracked 
| 136|0x000000008e000000, 0x000000008e000000, 0x000000008e100000|  0%| F|  |TAMS 0x000000008e000000, 0x000000008e000000| Untracked 
| 137|0x000000008e100000, 0x000000008e100000, 0x000000008e200000|  0%| F|  |TAMS 0x000000008e100000, 0x000000008e100000| Untracked 
| 138|0x000000008e200000, 0x000000008e200000, 0x000000008e300000|  0%| F|  |TAMS 0x000000008e200000, 0x000000008e200000| Untracked 
| 139|0x000000008e300000, 0x000000008e300000, 0x000000008e400000|  0%| F|  |TAMS 0x000000008e300000, 0x000000008e300000| Untracked 
| 140|0x000000008e400000, 0x000000008e400000, 0x000000008e500000|  0%| F|  |TAMS 0x000000008e400000, 0x000000008e400000| Untracked 
| 141|0x000000008e500000, 0x000000008e500000, 0x000000008e600000|  0%| F|  |TAMS 0x000000008e500000, 0x000000008e500000| Untracked 
| 142|0x000000008e600000, 0x000000008e600000, 0x000000008e700000|  0%| F|  |TAMS 0x000000008e600000, 0x000000008e600000| Untracked 
| 143|0x000000008e700000, 0x000000008e700000, 0x000000008e800000|  0%| F|  |TAMS 0x000000008e700000, 0x000000008e700000| Untracked 
| 144|0x000000008e800000, 0x000000008e800000, 0x000000008e900000|  0%| F|  |TAMS 0x000000008e800000, 0x000000008e800000| Untracked 
| 145|0x000000008e900000, 0x000000008e900000, 0x000000008ea00000|  0%| F|  |TAMS 0x000000008e900000, 0x000000008e900000| Untracked 
| 146|0x000000008ea00000, 0x000000008ea00000, 0x000000008eb00000|  0%| F|  |TAMS 0x000000008ea00000, 0x000000008ea00000| Untracked 
| 147|0x000000008eb00000, 0x000000008eb00000, 0x000000008ec00000|  0%| F|  |TAMS 0x000000008eb00000, 0x000000008eb00000| Untracked 
| 148|0x000000008ec00000, 0x000000008ec00000, 0x000000008ed00000|  0%| F|  |TAMS 0x000000008ec00000, 0x000000008ec00000| Untracked 
| 149|0x000000008ed00000, 0x000000008ed00000, 0x000000008ee00000|  0%| F|  |TAMS 0x000000008ed00000, 0x000000008ed00000| Untracked 
| 150|0x000000008ee00000, 0x000000008ee00000, 0x000000008ef00000|  0%| F|  |TAMS 0x000000008ee00000, 0x000000008ee00000| Untracked 
| 151|0x000000008ef00000, 0x000000008ef00000, 0x000000008f000000|  0%| F|  |TAMS 0x000000008ef00000, 0x000000008ef00000| Untracked 
| 152|0x000000008f000000, 0x000000008f000000, 0x000000008f100000|  0%| F|  |TAMS 0x000000008f000000, 0x000000008f000000| Untracked 
| 153|0x000000008f100000, 0x000000008f100000, 0x000000008f200000|  0%| F|  |TAMS 0x000000008f100000, 0x000000008f100000| Untracked 
| 154|0x000000008f200000, 0x000000008f200000, 0x000000008f300000|  0%| F|  |TAMS 0x000000008f200000, 0x000000008f200000| Untracked 
| 155|0x000000008f300000, 0x000000008f300000, 0x000000008f400000|  0%| F|  |TAMS 0x000000008f300000, 0x000000008f300000| Untracked 
| 156|0x000000008f400000, 0x000000008f400000, 0x000000008f500000|  0%| F|  |TAMS 0x000000008f400000, 0x000000008f400000| Untracked 
| 157|0x000000008f500000, 0x000000008f500000, 0x000000008f600000|  0%| F|  |TAMS 0x000000008f500000, 0x000000008f500000| Untracked 
| 158|0x000000008f600000, 0x000000008f600000, 0x000000008f700000|  0%| F|  |TAMS 0x000000008f600000, 0x000000008f600000| Untracked 
| 159|0x000000008f700000, 0x000000008f700000, 0x000000008f800000|  0%| F|  |TAMS 0x000000008f700000, 0x000000008f700000| Untracked 
| 160|0x000000008f800000, 0x000000008f800000, 0x000000008f900000|  0%| F|  |TAMS 0x000000008f800000, 0x000000008f800000| Untracked 
| 161|0x000000008f900000, 0x000000008f900000, 0x000000008fa00000|  0%| F|  |TAMS 0x000000008f900000, 0x000000008f900000| Untracked 
| 162|0x000000008fa00000, 0x000000008fa00000, 0x000000008fb00000|  0%| F|  |TAMS 0x000000008fa00000, 0x000000008fa00000| Untracked 
| 163|0x000000008fb00000, 0x000000008fb00000, 0x000000008fc00000|  0%| F|  |TAMS 0x000000008fb00000, 0x000000008fb00000| Untracked 
| 164|0x000000008fc00000, 0x000000008fc00000, 0x000000008fd00000|  0%| F|  |TAMS 0x000000008fc00000, 0x000000008fc00000| Untracked 
| 165|0x000000008fd00000, 0x000000008fe00000, 0x000000008fe00000|100%| E|  |TAMS 0x000000008fd00000, 0x000000008fd00000| Complete 
| 166|0x000000008fe00000, 0x000000008ff00000, 0x000000008ff00000|100%| E|CS|TAMS 0x000000008fe00000, 0x000000008fe00000| Complete 
| 167|0x000000008ff00000, 0x0000000090000000, 0x0000000090000000|100%| E|CS|TAMS 0x000000008ff00000, 0x000000008ff00000| Complete 
| 168|0x0000000090000000, 0x0000000090100000, 0x0000000090100000|100%| E|CS|TAMS 0x0000000090000000, 0x0000000090000000| Complete 
| 169|0x0000000090100000, 0x0000000090200000, 0x0000000090200000|100%| E|CS|TAMS 0x0000000090100000, 0x0000000090100000| Complete 
| 170|0x0000000090200000, 0x0000000090300000, 0x0000000090300000|100%| E|CS|TAMS 0x0000000090200000, 0x0000000090200000| Complete 
| 171|0x0000000090300000, 0x0000000090400000, 0x0000000090400000|100%| E|CS|TAMS 0x0000000090300000, 0x0000000090300000| Complete 
| 172|0x0000000090400000, 0x0000000090500000, 0x0000000090500000|100%| E|CS|TAMS 0x0000000090400000, 0x0000000090400000| Complete 
| 173|0x0000000090500000, 0x0000000090600000, 0x0000000090600000|100%| E|CS|TAMS 0x0000000090500000, 0x0000000090500000| Complete 
| 174|0x0000000090600000, 0x0000000090700000, 0x0000000090700000|100%| E|CS|TAMS 0x0000000090600000, 0x0000000090600000| Complete 
| 175|0x0000000090700000, 0x0000000090800000, 0x0000000090800000|100%| E|CS|TAMS 0x0000000090700000, 0x0000000090700000| Complete 
| 176|0x0000000090800000, 0x0000000090900000, 0x0000000090900000|100%| E|CS|TAMS 0x0000000090800000, 0x0000000090800000| Complete 
| 177|0x0000000090900000, 0x0000000090a00000, 0x0000000090a00000|100%| E|CS|TAMS 0x0000000090900000, 0x0000000090900000| Complete 
| 178|0x0000000090a00000, 0x0000000090b00000, 0x0000000090b00000|100%| E|CS|TAMS 0x0000000090a00000, 0x0000000090a00000| Complete 

Card table byte_map: [0x000001eb726e0000,0x000001eb72ac0000] _byte_map_base: 0x000001eb722b4000

Marking Bits (Prev, Next): (CMBitMap*) 0x000001eb68e87608, (CMBitMap*) 0x000001eb68e87640
 Prev Bits: [0x000001eb72ea0000, 0x000001eb74d40000)
 Next Bits: [0x000001eb74d40000, 0x000001eb76be0000)

Polling page: 0x000001eb68f20000

Metaspace:

Usage:
  Non-class:     43.79 MB capacity,    42.97 MB ( 98%) used,   663.01 KB (  1%) free+waste,   176.75 KB ( <1%) overhead. 
      Class:      6.59 MB capacity,     6.00 MB ( 91%) used,   518.81 KB (  8%) free+waste,    85.44 KB (  1%) overhead. 
       Both:     50.38 MB capacity,    48.97 MB ( 97%) used,     1.15 MB (  2%) free+waste,   262.19 KB ( <1%) overhead. 

Virtual space:
  Non-class space:       44.00 MB reserved,      43.95 MB (>99%) committed 
      Class space:        1.00 GB reserved,       6.63 MB ( <1%) committed 
             Both:        1.04 GB reserved,      50.58 MB (  5%) committed 

Chunk freelists:
   Non-Class:  5.00 KB
       Class:  0 bytes
        Both:  5.00 KB

CodeHeap 'non-profiled nmethods': size=120064Kb used=2660Kb max_used=2660Kb free=117403Kb
 bounds [0x000001eb07ac0000, 0x000001eb07d60000, 0x000001eb0f000000]
CodeHeap 'profiled nmethods': size=120000Kb used=10875Kb max_used=10875Kb free=109124Kb
 bounds [0x000001eb00590000, 0x000001eb01030000, 0x000001eb07ac0000]
CodeHeap 'non-nmethods': size=5696Kb used=1257Kb max_used=1325Kb free=4438Kb
 bounds [0x000001eb00000000, 0x000001eb00270000, 0x000001eb00590000]
 total_blobs=5375 nmethods=4850 adapters=444
 compilation: enabled
              stopped_count=0, restarted_count=0
 full_count=0

Compilation events (10 events):
Event: 22.742 Thread 0x000001eb7924d800 nmethod 4934 0x000001eb01021590 code [0x000001eb01021740, 0x000001eb01021a48]
Event: 22.742 Thread 0x000001eb7924d800 4935       2       org.springframework.core.io.ResourceEditor::<init> (26 bytes)
Event: 22.743 Thread 0x000001eb7924d800 nmethod 4935 0x000001eb01021b90 code [0x000001eb01021d40, 0x000001eb01022048]
Event: 22.743 Thread 0x000001eb7924d800 4936       1       org.springframework.beans.factory.support.AbstractBeanFactory::getCustomTypeConverter (5 bytes)
Event: 22.743 Thread 0x000001eb7924d800 nmethod 4936 0x000001eb07d58790 code [0x000001eb07d58920, 0x000001eb07d589d8]
Event: 22.747 Thread 0x000001eb7924d800 4937       2       org.springframework.beans.factory.support.AbstractBeanDefinition::getPropertyValues (23 bytes)
Event: 22.747 Thread 0x000001eb7924d800 nmethod 4937 0x000001eb01022190 code [0x000001eb01022340, 0x000001eb010225e8]
Event: 22.747 Thread 0x000001eb7924d800 4938       2       org.springframework.beans.MutablePropertyValues::isEmpty (10 bytes)
Event: 22.747 Thread 0x000001eb7924d800 nmethod 4938 0x000001eb01022710 code [0x000001eb010228a0, 0x000001eb010229c8]
Event: 22.747 Thread 0x000001eb7924d800 4939   !   2       org.springframework.beans.factory.support.DefaultSingletonBeanRegistry::addSingleton (65 bytes)

GC Heap History (10 events):
Event: 5.121 GC heap before
{Heap before GC invocations=6 (full 0):
 garbage-first heap   total 152576K, used 58055K [0x0000000085800000, 0x0000000100000000)
  region size 1024K, 53 young (54272K), 4 survivors (4096K)
 Metaspace       used 26435K, capacity 27132K, committed 27264K, reserved 1073152K
  class space    used 2910K, capacity 3155K, committed 3200K, reserved 1048576K
}
Event: 5.131 GC heap after
{Heap after GC invocations=7 (full 0):
 garbage-first heap   total 152576K, used 10700K [0x0000000085800000, 0x0000000100000000)
  region size 1024K, 5 young (5120K), 5 survivors (5120K)
 Metaspace       used 26435K, capacity 27132K, committed 27264K, reserved 1073152K
  class space    used 2910K, capacity 3155K, committed 3200K, reserved 1048576K
}
Event: 8.256 GC heap before
{Heap before GC invocations=7 (full 0):
 garbage-first heap   total 152576K, used 96716K [0x0000000085800000, 0x0000000100000000)
  region size 1024K, 89 young (91136K), 5 survivors (5120K)
 Metaspace       used 31920K, capacity 32711K, committed 32896K, reserved 1079296K
  class space    used 3596K, capacity 3899K, committed 3968K, reserved 1048576K
}
Event: 8.279 GC heap after
{Heap after GC invocations=8 (full 0):
 garbage-first heap   total 152576K, used 13338K [0x0000000085800000, 0x0000000100000000)
  region size 1024K, 8 young (8192K), 8 survivors (8192K)
 Metaspace       used 31920K, capacity 32711K, committed 32896K, reserved 1079296K
  class space    used 3596K, capacity 3899K, committed 3968K, reserved 1048576K
}
Event: 9.784 GC heap before
{Heap before GC invocations=8 (full 0):
 garbage-first heap   total 152576K, used 36890K [0x0000000085800000, 0x0000000100000000)
  region size 1024K, 32 young (32768K), 8 survivors (8192K)
 Metaspace       used 35041K, capacity 36020K, committed 36048K, reserved 1081344K
  class space    used 3995K, capacity 4343K, committed 4352K, reserved 1048576K
}
Event: 9.804 GC heap after
{Heap after GC invocations=9 (full 0):
 garbage-first heap   total 152576K, used 14801K [0x0000000085800000, 0x0000000100000000)
  region size 1024K, 8 young (8192K), 8 survivors (8192K)
 Metaspace       used 35041K, capacity 36020K, committed 36048K, reserved 1081344K
  class space    used 3995K, capacity 4343K, committed 4352K, reserved 1048576K
}
Event: 13.494 GC heap before
{Heap before GC invocations=10 (full 0):
 garbage-first heap   total 152576K, used 100817K [0x0000000085800000, 0x0000000100000000)
  region size 1024K, 88 young (90112K), 8 survivors (8192K)
 Metaspace       used 41500K, capacity 42758K, committed 42960K, reserved 1087488K
  class space    used 4838K, capacity 5351K, committed 5376K, reserved 1048576K
}
Event: 13.521 GC heap after
{Heap after GC invocations=11 (full 0):
 garbage-first heap   total 152576K, used 19279K [0x0000000085800000, 0x0000000100000000)
  region size 1024K, 10 young (10240K), 10 survivors (10240K)
 Metaspace       used 41500K, capacity 42758K, committed 42960K, reserved 1087488K
  class space    used 4838K, capacity 5351K, committed 5376K, reserved 1048576K
}
Event: 20.786 GC heap before
{Heap before GC invocations=11 (full 0):
 garbage-first heap   total 152576K, used 100175K [0x0000000085800000, 0x0000000100000000)
  region size 1024K, 89 young (91136K), 10 survivors (10240K)
 Metaspace       used 49098K, capacity 50456K, committed 50640K, reserved 1093632K
  class space    used 5986K, capacity 6566K, committed 6656K, reserved 1048576K
}
Event: 20.812 GC heap after
{Heap after GC invocations=12 (full 0):
 garbage-first heap   total 183296K, used 22307K [0x0000000085800000, 0x0000000100000000)
  region size 1024K, 9 young (9216K), 9 survivors (9216K)
 Metaspace       used 49098K, capacity 50456K, committed 50640K, reserved 1093632K
  class space    used 5986K, capacity 6566K, committed 6656K, reserved 1048576K
}

Deoptimization events (10 events):
Event: 13.759 Thread 0x000001eb68e48000 Uncommon trap: reason=unstable_if action=reinterpret pc=0x000001eb07b2c424 method=java.lang.CharacterDataLatin1.isWhitespace(I)Z @ 14 c2
Event: 15.361 Thread 0x000001eb68e48000 Uncommon trap: reason=unstable_if action=reinterpret pc=0x000001eb07aff150 method=java.util.jar.JarFile.getVersionedEntry(Ljava/lang/String;Ljava/util/jar/JarEntry;)Ljava/util/jar/JarEntry; @ 67 c2
Event: 16.518 Thread 0x000001eb68e48000 Uncommon trap: reason=unstable_if action=reinterpret pc=0x000001eb07ce7588 method=sun.reflect.annotation.AnnotationInvocationHandler.invoke(Ljava/lang/Object;Ljava/lang/reflect/Method;[Ljava/lang/Object;)Ljava/lang/Object; @ 64 c2
Event: 16.562 Thread 0x000001eb68e48000 Uncommon trap: reason=unstable_if action=reinterpret pc=0x000001eb07ac8bb0 method=java.lang.String.isLatin1()Z @ 10 c2
Event: 16.583 Thread 0x000001eb68e48000 Uncommon trap: reason=intrinsic_or_type_checked_inlining action=make_not_entrant pc=0x000001eb07d091cc method=java.util.ArrayList.toArray([Ljava/lang/Object;)[Ljava/lang/Object; @ 36 c2
Event: 20.861 Thread 0x000001eb68e48000 Uncommon trap: reason=unstable_if action=reinterpret pc=0x000001eb07c86130 method=org.springframework.beans.factory.support.AbstractBeanFactory.isTypeMatch(Ljava/lang/String;Lorg/springframework/core/ResolvableType;Z)Z @ 34 c2
Event: 21.057 Thread 0x000001eb68e48000 Uncommon trap: reason=unstable_if action=reinterpret pc=0x000001eb07c68eb4 method=org.springframework.beans.factory.support.DefaultSingletonBeanRegistry.getSingleton(Ljava/lang/String;Z)Ljava/lang/Object; @ 39 c2
Event: 22.522 Thread 0x000001eb68e48000 Uncommon trap: reason=class_check action=maybe_recompile pc=0x000001eb07c5006c method=java.net.URLStreamHandler.parseURL(Ljava/net/URL;Ljava/lang/String;II)V @ 1197 c2
Event: 22.522 Thread 0x000001eb68e48000 Uncommon trap: reason=unstable_if action=reinterpret pc=0x000001eb07c182a4 method=sun.net.util.IPAddressUtil.scan(Ljava/lang/String;JJ[C)I @ 14 c2
Event: 22.522 Thread 0x000001eb68e48000 Uncommon trap: reason=class_check action=maybe_recompile pc=0x000001eb07c5006c method=java.net.URLStreamHandler.parseURL(Ljava/net/URL;Ljava/lang/String;II)V @ 1197 c2

Classes redefined (0 events):
No events

Internal exceptions (10 events):
Event: 17.083 Thread 0x000001eb68e48000 Exception <a 'java/lang/ClassNotFoundException'{0x000000008b7e9348}: org/springframework/web/context/ServletContextAwareCustomizer> (0x000000008b7e9348) thrown at [./open/src/hotspot/share/classfile/systemDictionary.cpp, line 226]
Event: 17.085 Thread 0x000001eb68e48000 Exception <a 'java/lang/ClassNotFoundException'{0x000000008b7fb800}: org/springframework/beans/factory/AwareCustomizer> (0x000000008b7fb800) thrown at [./open/src/hotspot/share/classfile/systemDictionary.cpp, line 226]
Event: 20.115 Thread 0x000001eb68e48000 Exception <a 'java/lang/NoSuchMethodError'{0x000000008aa5ac50}: java.lang.invoke.DirectMethodHandle$Holder.invokeStaticInit(Ljava/lang/Object;)I> (0x000000008aa5ac50) thrown at [./open/src/hotspot/share/interpreter/linkResolver.cpp, line 772]
Event: 20.118 Thread 0x000001eb68e48000 Exception <a 'java/lang/NoSuchMethodError'{0x000000008aa5fa10}: java.lang.invoke.DirectMethodHandle$Holder.invokeVirtual(Ljava/lang/Object;Ljava/lang/Object;Ljava/lang/Object;)I> (0x000000008aa5fa10) thrown at [./open/src/hotspot/share/interpreter/linkRes
Event: 20.337 Thread 0x000001eb68e48000 Exception <a 'java/lang/NoSuchMethodError'{0x000000008a5853a0}: java.lang.invoke.DirectMethodHandle$Holder.invokeVirtual(Ljava/lang/Object;Ljava/lang/Object;I)V> (0x000000008a5853a0) thrown at [./open/src/hotspot/share/interpreter/linkResolver.cpp, line 7
Event: 20.342 Thread 0x000001eb68e48000 Exception <a 'java/lang/NoSuchMethodError'{0x000000008a59fd98}: java.lang.invoke.DirectMethodHandle$Holder.invokeVirtual(Ljava/lang/Object;Ljava/lang/Object;J)V> (0x000000008a59fd98) thrown at [./open/src/hotspot/share/interpreter/linkResolver.cpp, line 7
Event: 20.907 Thread 0x000001eb68e48000 Exception <a 'java/lang/IncompatibleClassChangeError'{0x000000009093f3c8}: Found class java.lang.Object, but interface was expected> (0x000000009093f3c8) thrown at [./open/src/hotspot/share/interpreter/linkResolver.cpp, line 838]
Event: 21.042 Thread 0x000001eb68e48000 Exception <a 'java/lang/NoSuchMethodError'{0x00000000907508f8}: java.lang.invoke.DirectMethodHandle$Holder.invokeStaticInit(Ljava/lang/Object;Ljava/lang/Object;Ljava/lang/Object;Ljava/lang/Object;)I> (0x00000000907508f8) thrown at [./open/src/hotspot/shar
Event: 21.178 Thread 0x000001eb68e48000 Exception <a 'java/lang/NoSuchMethodError'{0x00000000905bd5c8}: java.lang.invoke.DirectMethodHandle$Holder.invokeSpecial(Ljava/lang/Object;Ljava/lang/Object;Ljava/lang/Object;Ljava/lang/Object;Ljava/lang/Object;Ljava/lang/Object;Ljava/lang/Object;Ljava/la
Event: 21.179 Thread 0x000001eb68e48000 Exception <a 'java/lang/NoSuchMethodError'{0x00000000905c17a0}: java.lang.invoke.Invokers$Holder.linkToTargetMethod(Ljava/lang/Object;Ljava/lang/Object;Ljava/lang/Object;Ljava/lang/Object;Ljava/lang/Object;Ljava/lang/Object;Ljava/lang/Object;Ljava/lang/Ob

Events (10 events):
Event: 22.740 loading class org/springframework/boot/actuate/endpoint/web/annotation/RestControllerEndpoint
Event: 22.740 loading class org/springframework/boot/actuate/endpoint/web/annotation/RestControllerEndpoint done
Event: 22.741 Thread 0x000001eb68e48000 DEOPT PACKING pc=0x000001eb00c816f4 sp=0x0000003f0a8fe730
Event: 22.741 Thread 0x000001eb68e48000 DEOPT UNPACKING pc=0x000001eb0003b8de sp=0x0000003f0a8fdc68 mode 1
Event: 22.741 Thread 0x000001eb68e48000 DEOPT PACKING pc=0x000001eb00c816f4 sp=0x0000003f0a8fe730
Event: 22.741 Thread 0x000001eb68e48000 DEOPT UNPACKING pc=0x000001eb0003b8de sp=0x0000003f0a8fdc68 mode 1
Event: 22.745 Thread 0x000001eb68e48000 DEOPT PACKING pc=0x000001eb00c816f4 sp=0x0000003f0a8fe730
Event: 22.745 Thread 0x000001eb68e48000 DEOPT UNPACKING pc=0x000001eb0003b8de sp=0x0000003f0a8fdc68 mode 1
Event: 22.745 Thread 0x000001eb68e48000 DEOPT PACKING pc=0x000001eb00c816f4 sp=0x0000003f0a8fe730
Event: 22.745 Thread 0x000001eb68e48000 DEOPT UNPACKING pc=0x000001eb0003b8de sp=0x0000003f0a8fdc68 mode 1


Dynamic libraries:
0x00007ff6bdff0000 - 0x00007ff6bdfff000 	C:\Program Files\Java\jdk-11.0.15.1\bin\java.exe
0x00007ffb8a950000 - 0x00007ffb8ab48000 	C:\Windows\SYSTEM32\ntdll.dll
0x00007ffb88fd0000 - 0x00007ffb8908f000 	C:\Windows\System32\KERNEL32.DLL
0x00007ffb88190000 - 0x00007ffb88462000 	C:\Windows\System32\KERNELBASE.dll
0x00007ffb88470000 - 0x00007ffb88570000 	C:\Windows\System32\ucrtbase.dll
0x00007ffb4f4f0000 - 0x00007ffb4f508000 	C:\Program Files\Java\jdk-11.0.15.1\bin\jli.dll
0x00007ffb8a7e0000 - 0x00007ffb8a88e000 	C:\Windows\System32\ADVAPI32.dll
0x00007ffb8a2b0000 - 0x00007ffb8a34e000 	C:\Windows\System32\msvcrt.dll
0x00007ffb8a3b0000 - 0x00007ffb8a44c000 	C:\Windows\System32\sechost.dll
0x00007ffb88ea0000 - 0x00007ffb88fc5000 	C:\Windows\System32\RPCRT4.dll
0x00007ffb4f4d0000 - 0x00007ffb4f4e5000 	C:\Program Files\Java\jdk-11.0.15.1\bin\VCRUNTIME140.dll
0x00007ffb778b0000 - 0x00007ffb77b4a000 	C:\Windows\WinSxS\amd64_microsoft.windows.common-controls_6595b64144ccf1df_6.0.19041.1110_none_60b5254171f9507e\COMCTL32.dll
0x00007ffb8a280000 - 0x00007ffb8a2ab000 	C:\Windows\System32\GDI32.dll
0x00007ffb88160000 - 0x00007ffb88182000 	C:\Windows\System32\win32u.dll
0x00007ffb88050000 - 0x00007ffb8815f000 	C:\Windows\System32\gdi32full.dll
0x00007ffb887a0000 - 0x00007ffb8883d000 	C:\Windows\System32\msvcp_win.dll
0x00007ffb8a4b0000 - 0x00007ffb8a64d000 	C:\Windows\System32\USER32.dll
0x00007ffb86040000 - 0x00007ffb8604a000 	C:\Windows\SYSTEM32\VERSION.dll
0x00007ffb8a100000 - 0x00007ffb8a132000 	C:\Windows\System32\IMM32.DLL
0x00007ffb34420000 - 0x00007ffb344bb000 	C:\Program Files\Java\jdk-11.0.15.1\bin\msvcp140.dll
0x00007ffaec8c0000 - 0x00007ffaed3d6000 	C:\Program Files\Java\jdk-11.0.15.1\bin\server\jvm.dll
0x00007ffb89de0000 - 0x00007ffb89de8000 	C:\Windows\System32\PSAPI.DLL
0x00007ffb5cf90000 - 0x00007ffb5cf99000 	C:\Windows\SYSTEM32\WSOCK32.dll
0x00007ffb8a1f0000 - 0x00007ffb8a25b000 	C:\Windows\System32\WS2_32.dll
0x00007ffb74da0000 - 0x00007ffb74dc7000 	C:\Windows\SYSTEM32\WINMM.dll
0x00007ffb868a0000 - 0x00007ffb868b2000 	C:\Windows\SYSTEM32\kernel.appcore.dll
0x00007ffb635f0000 - 0x00007ffb63600000 	C:\Program Files\Java\jdk-11.0.15.1\bin\verify.dll
0x00007ffb74920000 - 0x00007ffb74b04000 	C:\Windows\SYSTEM32\DBGHELP.DLL
0x00007ffb748f0000 - 0x00007ffb7491c000 	C:\Windows\SYSTEM32\dbgcore.DLL
0x00007ffb88570000 - 0x00007ffb885f2000 	C:\Windows\System32\bcryptPrimitives.dll
0x00007ffb4db60000 - 0x00007ffb4db88000 	C:\Program Files\Java\jdk-11.0.15.1\bin\java.dll
0x00007ffb63330000 - 0x00007ffb6333a000 	C:\Program Files\Java\jdk-11.0.15.1\bin\jimage.dll
0x00007ffb80510000 - 0x00007ffb80548000 	C:\Program Files\Java\jdk-11.0.15.1\bin\jdwp.dll
0x00007ffb82240000 - 0x00007ffb8224e000 	C:\Program Files\Java\jdk-11.0.15.1\bin\instrument.dll
0x00007ffb4d8f0000 - 0x00007ffb4d906000 	C:\Program Files\Java\jdk-11.0.15.1\bin\zip.dll
0x00007ffb89570000 - 0x00007ffb89cb3000 	C:\Windows\System32\SHELL32.dll
0x00007ffb860f0000 - 0x00007ffb86882000 	C:\Windows\SYSTEM32\windows.storage.dll
0x00007ffb89090000 - 0x00007ffb893e4000 	C:\Windows\System32\combase.dll
0x00007ffb87ab0000 - 0x00007ffb87ae0000 	C:\Windows\SYSTEM32\Wldp.dll
0x00007ffb8a140000 - 0x00007ffb8a1ed000 	C:\Windows\System32\SHCORE.dll
0x00007ffb8a450000 - 0x00007ffb8a4a5000 	C:\Windows\System32\shlwapi.dll
0x00007ffb87f90000 - 0x00007ffb87faf000 	C:\Windows\SYSTEM32\profapi.dll
0x00007ffb82270000 - 0x00007ffb8227a000 	C:\Program Files\Java\jdk-11.0.15.1\bin\dt_socket.dll
0x00007ffb87810000 - 0x00007ffb8787a000 	C:\Windows\system32\mswsock.dll
0x00007ffb49170000 - 0x00007ffb49189000 	C:\Program Files\Java\jdk-11.0.15.1\bin\net.dll
0x00007ffb85e30000 - 0x00007ffb85f3c000 	C:\Windows\SYSTEM32\WINHTTP.dll
0x00007ffb49150000 - 0x00007ffb49162000 	C:\Program Files\Java\jdk-11.0.15.1\bin\nio.dll
0x00007ffb874b0000 - 0x00007ffb874eb000 	C:\Windows\SYSTEM32\IPHLPAPI.DLL
0x00007ffb8a270000 - 0x00007ffb8a278000 	C:\Windows\System32\NSI.dll
0x00007ffb7d910000 - 0x00007ffb7d927000 	C:\Windows\SYSTEM32\dhcpcsvc6.DLL
0x00007ffb7da40000 - 0x00007ffb7da5d000 	C:\Windows\SYSTEM32\dhcpcsvc.DLL
0x00007ffb87500000 - 0x00007ffb875ca000 	C:\Windows\SYSTEM32\DNSAPI.dll
0x00007ffb79440000 - 0x00007ffb7944a000 	C:\Windows\System32\rasadhlp.dll
0x00007ffb79860000 - 0x00007ffb798e0000 	C:\Windows\System32\fwpuclnt.dll
0x00007ffb886c0000 - 0x00007ffb886e7000 	C:\Windows\System32\bcrypt.dll
0x00007ffb804d0000 - 0x00007ffb804d9000 	C:\Program Files\Java\jdk-11.0.15.1\bin\management.dll
0x00007ffb804c0000 - 0x00007ffb804cb000 	C:\Program Files\Java\jdk-11.0.15.1\bin\management_ext.dll
0x00007ffb66440000 - 0x00007ffb66457000 	C:\Windows\system32\napinsp.dll
0x00007ffb66420000 - 0x00007ffb6643b000 	C:\Windows\system32\pnrpnsp.dll
0x00007ffb82ba0000 - 0x00007ffb82bb5000 	C:\Windows\system32\wshbth.dll
0x00007ffb835e0000 - 0x00007ffb835fd000 	C:\Windows\system32\NLAapi.dll
0x00007ffb66460000 - 0x00007ffb66472000 	C:\Windows\System32\winrnr.dll
0x00007ffb87a00000 - 0x00007ffb87a18000 	C:\Windows\SYSTEM32\CRYPTSP.dll
0x00007ffb870c0000 - 0x00007ffb870f4000 	C:\Windows\system32\rsaenh.dll
0x00007ffb87f50000 - 0x00007ffb87f7e000 	C:\Windows\SYSTEM32\USERENV.dll
0x00007ffb87a20000 - 0x00007ffb87a2c000 	C:\Windows\SYSTEM32\CRYPTBASE.dll
0x00007ffb636c0000 - 0x00007ffb636cd000 	C:\Program Files\Java\jdk-11.0.15.1\bin\sunmscapi.dll
0x00007ffb88840000 - 0x00007ffb88996000 	C:\Windows\System32\CRYPT32.dll
0x00007ffb87b20000 - 0x00007ffb87b47000 	C:\Windows\SYSTEM32\ncrypt.dll
0x00007ffb87ae0000 - 0x00007ffb87b1b000 	C:\Windows\SYSTEM32\NTASN1.dll
0x00007ffb54f70000 - 0x00007ffb54f95000 	C:\Program Files\Java\jdk-11.0.15.1\bin\sunec.dll

dbghelp: loaded successfully - version: 4.0.5 - missing functions: none
symbol engine: initialized successfully - sym options: 0x614 - pdb path: .;C:\Program Files\Java\jdk-11.0.15.1\bin;C:\Windows\SYSTEM32;C:\Windows\WinSxS\amd64_microsoft.windows.common-controls_6595b64144ccf1df_6.0.19041.1110_none_60b5254171f9507e;C:\Program Files\Java\jdk-11.0.15.1\bin\server

VM Arguments:
jvm_args: -agentlib:jdwp=transport=dt_socket,address=127.0.0.1:55129,suspend=y,server=n -javaagent:C:\Users\lenovo\AppData\Local\JetBrains\IdeaIC2022.2\captureAgent\debugger-agent.jar=file:/C:/Users/lenovo/AppData/Local/Temp/capture.props -Dfile.encoding=UTF-8 
java_command: tp.discovery.eurekadicovery.EurekaDicoveryApplication
java_class_path (initial): C:\Users\lenovo\Desktop\Anas_Fartas_TPs-master\TP3\eureka-dicovery\target\classes;C:\Users\lenovo\.m2\repository\org\springframework\cloud\spring-cloud-starter-netflix-eureka-server\3.1.4\spring-cloud-starter-netflix-eureka-server-3.1.4.jar;C:\Users\lenovo\.m2\repository\org\springframework\cloud\spring-cloud-starter\3.1.4\spring-cloud-starter-3.1.4.jar;C:\Users\lenovo\.m2\repository\org\springframework\cloud\spring-cloud-context\3.1.4\spring-cloud-context-3.1.4.jar;C:\Users\lenovo\.m2\repository\org\springframework\security\spring-security-crypto\5.7.4\spring-security-crypto-5.7.4.jar;C:\Users\lenovo\.m2\repository\org\springframework\cloud\spring-cloud-commons\3.1.4\spring-cloud-commons-3.1.4.jar;C:\Users\lenovo\.m2\repository\org\springframework\security\spring-security-rsa\1.0.11.RELEASE\spring-security-rsa-1.0.11.RELEASE.jar;C:\Users\lenovo\.m2\repository\org\bouncycastle\bcpkix-jdk15on\1.69\bcpkix-jdk15on-1.69.jar;C:\Users\lenovo\.m2\repository\org\bouncycastle\bcprov-jdk15on\1.69\bcprov-jdk15on-1.69.jar;C:\Users\lenovo\.m2\repository\org\bouncycastle\bcutil-jdk15on\1.69\bcutil-jdk15on-1.69.jar;C:\Users\lenovo\.m2\repository\org\springframework\cloud\spring-cloud-netflix-eureka-server\3.1.4\spring-cloud-netflix-eureka-server-3.1.4.jar;C:\Users\lenovo\.m2\repository\org\springframework\boot\spring-boot-starter-web\2.7.5\spring-boot-starter-web-2.7.5.jar;C:\Users\lenovo\.m2\repository\org\springframework\boot\spring-boot-starter-json\2.7.5\spring-boot-starter-json-2.7.5.jar;C:\Users\lenovo\.m2\repository\com\fasterxml\jackson\datatype\jackson-datatype-jdk8\2.13.4\jackson-datatype-jdk8-2.13.4.jar;C:\Users\lenovo\.m2\repository\com\fasterxml\jackson\datatype\jackson-datatype-jsr310\2.13.4\jackson-datatype-jsr310-2.13.4.jar;C:\Users\lenovo\.m2\repository\com\fasterxml\jackson\module\jackson-module-parameter-names\2.13.4\jackson-module-parameter-names-2.13.4.jar;C:\Users\lenovo\.m2\repository\org\springframework\boot\spring-boot-starter-
Launcher Type: SUN_STANDARD

[Global flags]
     intx CICompilerCount                          = 3                                         {product} {ergonomic}
     uint ConcGCThreads                            = 1                                         {product} {ergonomic}
     uint G1ConcRefinementThreads                  = 4                                         {product} {ergonomic}
   size_t G1HeapRegionSize                         = 1048576                                   {product} {ergonomic}
    uintx GCDrainStackTargetSize                   = 64                                        {product} {ergonomic}
   size_t InitialHeapSize                          = 130023424                                 {product} {ergonomic}
   size_t MarkStackSize                            = 4194304                                   {product} {ergonomic}
   size_t MaxHeapSize                              = 2055208960                                {product} {ergonomic}
   size_t MaxNewSize                               = 1233125376                                {product} {ergonomic}
   size_t MinHeapDeltaBytes                        = 1048576                                   {product} {ergonomic}
    uintx NonNMethodCodeHeapSize                   = 5830732                                {pd product} {ergonomic}
    uintx NonProfiledCodeHeapSize                  = 122913754                              {pd product} {ergonomic}
    uintx ProfiledCodeHeapSize                     = 122913754                              {pd product} {ergonomic}
    uintx ReservedCodeCacheSize                    = 251658240                              {pd product} {ergonomic}
     bool SegmentedCodeCache                       = true                                      {product} {ergonomic}
     bool UseCompressedClassPointers               = true                                 {lp64_product} {ergonomic}
     bool UseCompressedOops                        = true                                 {lp64_product} {ergonomic}
     bool UseG1GC                                  = true                                      {product} {ergonomic}
     bool UseLargePagesIndividualAllocation        = false                                  {pd product} {ergonomic}

Logging:
Log output configuration:
 #0: stdout all=warning uptime,level,tags
 #1: stderr all=off uptime,level,tags

Environment Variables:
PATH=C:\Program Files\Common Files\Oracle\Java\javapath;C:\Program Files\Microsoft\jdk-11.0.12.7-hotspot\bin;C:\Windows\system32;C:\Windows;C:\Windows\System32\Wbem;C:\Windows\System32\WindowsPowerShell\v1.0\;C:\Windows\System32\OpenSSH\;C:\Program Files\Microsoft VS Code\bin;C:\Program Files\Microsoft SQL Server\150\Tools\Binn\;C:\Program Files\Microsoft SQL Server\Client SDK\ODBC\170\Tools\Binn\;C:\Program Files\dotnet\;C:\Program Files\Microsoft SQL Server\Client SDK\ODBC\110\Tools\Binn\;C:\Program Files (x86)\Microsoft SQL Server\120\Tools\Binn\;C:\Program Files\Microsoft SQL Server\120\Tools\Binn\;C:\Program Files\Microsoft SQL Server\120\DTS\Binn\;C:\Program Files (x86)\Microsoft SQL Server\120\Tools\Binn\ManagementStudio\;C:\Program Files (x86)\Microsoft SQL Server\120\DTS\Binn\;C:\Program Files\Java\jdk-11.0.15.1\bin;C:\Program Files\Git\cmd;C:\Program Files\Git\mingw64\bin;C:\Program Files\Git\usr\bin;C:\Program Files\nodejs\;C:\Users\lenovo\AppData\Local\Microsoft\WindowsApps;C:\Users\lenovo\.dotnet\tools;C:\Program Files\JetBrains\IntelliJ IDEA Community Edition 2022.2\bin;;C:\Users\lenovo\AppData\Roaming\npm
USERNAME=lenovo
OS=Windows_NT
PROCESSOR_IDENTIFIER=Intel64 Family 6 Model 142 Stepping 9, GenuineIntel



---------------  S Y S T E M  ---------------

OS: Windows 10 , 64 bit Build 19041 (10.0.19041.2251)

CPU:total 4 (initial active 4) (2 cores per cpu, 2 threads per core) family 6 model 142 stepping 9 microcode 0xb4, cmov, cx8, fxsr, mmx, sse, sse2, sse3, ssse3, sse4.1, sse4.2, popcnt, avx, avx2, aes, clmul, erms, rtm, 3dnowpref, lzcnt, ht, tsc, tscinvbit, bmi1, bmi2, adx, fma

Memory: 4k page, system-wide physical 7839M (284M free)
TotalPageFile size 21123M (AvailPageFile size 6M)
current process WorkingSet (physical memory assigned to process): 276M, peak: 276M
current process commit charge ("private bytes"): 362M, peak: 366M

vm_info: Java HotSpot(TM) 64-Bit Server VM (11.0.15.1+2-LTS-10) for windows-amd64 JRE (11.0.15.1+2-LTS-10), built on Apr 25 2022 21:51:57 by "mach5one" with MS VC++ 15.9 (VS2017)

END.
